This is pdfTeX, Version 3.14159265-2.6-1.40.21 (TeX Live 2020/W32TeX) (preloaded format=pdflatex 2020.4.28)  26 MAY 2020 08:25
entering extended mode
 restricted \write18 enabled.
 %&-line parsing enabled.
**ANN_FinalReport.tex
(./ANN_FinalReport.tex
LaTeX2e <2020-02-02> patch level 5
L3 programming layer <2020-04-06>
(d:/Latex_TexStudio/texlive/2020/texmf-dist/tex/latex/base/report.cls
Document Class: report 2019/12/20 v1.4l Standard LaTeX document class
(d:/Latex_TexStudio/texlive/2020/texmf-dist/tex/latex/base/size12.clo
File: size12.clo 2019/12/20 v1.4l Standard LaTeX file (size option)
)
\c@part=\count167
\c@chapter=\count168
\c@section=\count169
\c@subsection=\count170
\c@subsubsection=\count171
\c@paragraph=\count172
\c@subparagraph=\count173
\c@figure=\count174
\c@table=\count175
\abovecaptionskip=\skip47
\belowcaptionskip=\skip48
\bibindent=\dimen134
)
(d:/Latex_TexStudio/texlive/2020/texmf-dist/tex/latex/url/url.sty
\Urlmuskip=\muskip16
Package: url 2013/09/16  ver 3.4  Verb mode for urls, etc.
)
(d:/Latex_TexStudio/texlive/2020/texmf-dist/tex/latex/wrapfig/wrapfig.sty
\wrapoverhang=\dimen135
\WF@size=\dimen136
\c@WF@wrappedlines=\count176
\WF@box=\box45
\WF@everypar=\toks15
Package: wrapfig 2003/01/31  v 3.6
)
(d:/Latex_TexStudio/texlive/2020/texmf-dist/tex/latex/lipsum/lipsum.sty
(d:/Latex_TexStudio/texlive/2020/texmf-dist/tex/latex/l3kernel/expl3.sty
Package: expl3 2020-04-06 L3 programming layer (loader) 

(d:/Latex_TexStudio/texlive/2020/texmf-dist/tex/latex/l3backend/l3backend-pdfmo
de.def
File: l3backend-pdfmode.def 2020-03-12 L3 backend support: PDF mode
\l__kernel_color_stack_int=\count177
\l__pdf_internal_box=\box46
))
(d:/Latex_TexStudio/texlive/2020/texmf-dist/tex/latex/l3packages/xparse/xparse.
sty
Package: xparse 2020-03-06 L3 Experimental document command parser
\l__xparse_current_arg_int=\count178
\g__xparse_grabber_int=\count179
\l__xparse_m_args_int=\count180
\l__xparse_v_nesting_int=\count181
)
Package: lipsum 2019/01/02 v2.2 150 paragraphs of Lorem Ipsum dummy text

(d:/Latex_TexStudio/texlive/2020/texmf-dist/tex/latex/lipsum/lipsum.ltd.tex
File: lipsum.ltd.tex 2019/01/02 v2.2 The Lorem ipsum dummy text
))
(d:/Latex_TexStudio/texlive/2020/texmf-dist/tex/latex/booktabs/booktabs.sty
Package: booktabs 2020/01/12 v1.61803398 Publication quality tables
\heavyrulewidth=\dimen137
\lightrulewidth=\dimen138
\cmidrulewidth=\dimen139
\belowrulesep=\dimen140
\belowbottomsep=\dimen141
\aboverulesep=\dimen142
\abovetopsep=\dimen143
\cmidrulesep=\dimen144
\cmidrulekern=\dimen145
\defaultaddspace=\dimen146
\@cmidla=\count182
\@cmidlb=\count183
\@aboverulesep=\dimen147
\@belowrulesep=\dimen148
\@thisruleclass=\count184
\@lastruleclass=\count185
\@thisrulewidth=\dimen149
)
(d:/Latex_TexStudio/texlive/2020/texmf-dist/tex/latex/floatrow/floatrow.sty
Package: floatrow 2008/08/02 v0.3b floatrow: float package extension

(d:/Latex_TexStudio/texlive/2020/texmf-dist/tex/latex/graphics/keyval.sty
Package: keyval 2014/10/28 v1.15 key=value parser (DPC)
\KV@toks@=\toks16
)
(d:/Latex_TexStudio/texlive/2020/texmf-dist/tex/latex/caption/caption3.sty
Package: caption3 2020/01/03 v1.8h caption3 kernel (AR)
Package caption3 Info: TeX engine: e-TeX on input line 61.
\captionmargin=\dimen150
\captionmargin@=\dimen151
\captionwidth=\dimen152
\caption@tempdima=\dimen153
\caption@indent=\dimen154
\caption@parindent=\dimen155
\caption@hangindent=\dimen156
Package caption Info: Standard document class detected.
)
\c@float@type=\count186
\float@exts=\toks17
\float@box=\box47
\@floatcapt=\box48
Package floatrow Info: Modified float package code loaded on input line 455.
Package floatrow Info: Modified rotfloat package code loaded on input line 473.

\FR@everyfloat=\toks18
\flrow@foot=\insert199
\FB@wd=\dimen157
\FBo@wd=\dimen158
\FBc@wd=\dimen159
\FBo@ht=\skip49
\FBc@ht=\skip50
\FBf@ht=\skip51
\FBo@max=\skip52
\FBc@max=\skip53
\FBf@max=\skip54
\c@FBl@b=\count187
\floatbox@depth=\count188
\c@FRobj=\count189
\c@FRsobj=\count190
\Xhsize=\skip55
\sXhsize=\skip56
\Zhsize=\skip57
\sZhsize=\skip58
\flrow@rowbox=\box49
\FR@Zunitlength=\dimen160
\c@FBcnt=\count191
\FPOScnt=\count192
\LTleft=\skip59
\LTright=\skip60
\LTleft=\skip61
\LTright=\skip62
\flrow@types=\toks19
)
(d:/Latex_TexStudio/texlive/2020/texmf-dist/tex/latex/xcolor/xcolor.sty
Package: xcolor 2016/05/11 v2.12 LaTeX color extensions (UK)

(d:/Latex_TexStudio/texlive/2020/texmf-dist/tex/latex/graphics-cfg/color.cfg
File: color.cfg 2016/01/02 v1.6 sample color configuration
)
Package xcolor Info: Driver file: pdftex.def on input line 225.

(d:/Latex_TexStudio/texlive/2020/texmf-dist/tex/latex/graphics-def/pdftex.def
File: pdftex.def 2018/01/08 v1.0l Graphics/color driver for pdftex
)
(d:/Latex_TexStudio/texlive/2020/texmf-dist/tex/latex/colortbl/colortbl.sty
Package: colortbl 2020/01/04 v1.0e Color table columns (DPC)

(d:/Latex_TexStudio/texlive/2020/texmf-dist/tex/latex/tools/array.sty
Package: array 2019/08/31 v2.4l Tabular extension package (FMi)
\col@sep=\dimen161
\ar@mcellbox=\box50
\extrarowheight=\dimen162
\NC@list=\toks20
\extratabsurround=\skip63
\backup@length=\skip64
\ar@cellbox=\box51
)
\everycr=\toks21
\minrowclearance=\skip65
)
\rownum=\count193
Package xcolor Info: Model `cmy' substituted by `cmy0' on input line 1348.
Package xcolor Info: Model `hsb' substituted by `rgb' on input line 1352.
Package xcolor Info: Model `RGB' extended on input line 1364.
Package xcolor Info: Model `HTML' substituted by `rgb' on input line 1366.
Package xcolor Info: Model `Hsb' substituted by `hsb' on input line 1367.
Package xcolor Info: Model `tHsb' substituted by `hsb' on input line 1368.
Package xcolor Info: Model `HSB' substituted by `hsb' on input line 1369.
Package xcolor Info: Model `Gray' substituted by `gray' on input line 1370.
Package xcolor Info: Model `wave' substituted by `hsb' on input line 1371.
)
(d:/Latex_TexStudio/texlive/2020/texmf-dist/tex/latex/multirow/multirow.sty
Package: multirow 2019/05/31 v2.5 Span multiple rows of a table
\multirow@colwidth=\skip66
\multirow@cntb=\count194
\multirow@dima=\skip67
\bigstrutjot=\dimen163
)
(d:/Latex_TexStudio/texlive/2020/texmf-dist/tex/latex/blindtext/blindtext.sty
Package: blindtext 2012/01/06 V2.0 blindtext-Package

(d:/Latex_TexStudio/texlive/2020/texmf-dist/tex/latex/tools/xspace.sty
Package: xspace 2014/10/28 v1.13 Space after command names (DPC,MH)
)
\c@blindtext=\count195
\c@Blindtext=\count196
\c@blind@countparstart=\count197
\blind@countxx=\count198
\blindtext@numBlindtext=\count266
\blind@countyy=\count267
\c@blindlist=\count268
\c@blindlistlevel=\count269
\c@blindlist@level=\count270
\blind@listitem=\count271
\c@blind@listcount=\count272
\c@blind@levelcount=\count273
\blind@mathformula=\count274
\blind@Mathformula=\count275
\c@blind@randomcount=\count276
\c@blind@randommax=\count277
\c@blind@pangramcount=\count278
\c@blind@pangrammax=\count279
)
(d:/Latex_TexStudio/texlive/2020/texmf-dist/tex/latex/ptptex/wrapft.sty
Package: wrapft 2004/05/24 ver.0.95
\WFcolsep=\dimen164
\WFtextsep=\dimen165
)
(d:/Latex_TexStudio/texlive/2020/texmf-dist/tex/latex/graphics/epsfig.sty
Package: epsfig 2017/06/25 v1.7b (e)psfig emulation (SPQR)

(d:/Latex_TexStudio/texlive/2020/texmf-dist/tex/latex/graphics/graphicx.sty
Package: graphicx 2019/11/30 v1.2a Enhanced LaTeX Graphics (DPC,SPQR)

(d:/Latex_TexStudio/texlive/2020/texmf-dist/tex/latex/graphics/graphics.sty
Package: graphics 2019/11/30 v1.4a Standard LaTeX Graphics (DPC,SPQR)

(d:/Latex_TexStudio/texlive/2020/texmf-dist/tex/latex/graphics/trig.sty
Package: trig 2016/01/03 v1.10 sin cos tan (DPC)
)
(d:/Latex_TexStudio/texlive/2020/texmf-dist/tex/latex/graphics-cfg/graphics.cfg
File: graphics.cfg 2016/06/04 v1.11 sample graphics configuration
)
Package graphics Info: Driver file: pdftex.def on input line 105.
)
\Gin@req@height=\dimen166
\Gin@req@width=\dimen167
)
\epsfxsize=\dimen168
\epsfysize=\dimen169
)
(d:/Latex_TexStudio/texlive/2020/texmf-dist/tex/latex/setspace/setspace.sty
Package: setspace 2011/12/19 v6.7a set line spacing
)
(d:/Latex_TexStudio/texlive/2020/texmf-dist/tex/latex/cite/cite.sty
LaTeX Info: Redefining \cite on input line 302.
LaTeX Info: Redefining \nocite on input line 332.
Package: cite 2015/02/27  v 5.5
LaTeX Info: Redefining \cite on input line 441.
)
(d:/Latex_TexStudio/texlive/2020/texmf-dist/tex/generic/ulem/ulem.sty
\UL@box=\box52
\UL@hyphenbox=\box53
\UL@skip=\skip68
\UL@hook=\toks22
\UL@height=\dimen170
\UL@pe=\count280
\UL@pixel=\dimen171
\ULC@box=\box54
Package: ulem 2019/11/18
\ULdepth=\dimen172
)
(d:/Latex_TexStudio/texlive/2020/texmf-dist/tex/latex/caption/caption.sty
Package: caption 2020/01/03 v3.4h Customizing captions (AR)
\c@caption@flags=\count281
\c@continuedfloat=\count282
Package caption Info: float package is loaded.
Package caption Info: floatrow package is loaded.
Package caption Info: wrapfig package is loaded.
)
(d:/Latex_TexStudio/texlive/2020/texmf-dist/tex/latex/tools/indentfirst.sty
Package: indentfirst 1995/11/23 v1.03 Indent first paragraph (DPC)
)
(d:/Latex_TexStudio/texlive/2020/texmf-dist/tex/latex/caption/subcaption.sty
Package: subcaption 2020/01/22 v1.3d Sub-captions (AR)
\c@subfigure=\count283
\c@subtable=\count284
)
(d:/Latex_TexStudio/texlive/2020/texmf-dist/tex/latex/amsmath/amsmath.sty
Package: amsmath 2020/01/20 v2.17e AMS math features
\@mathmargin=\skip69

For additional information on amsmath, use the `?' option.
(d:/Latex_TexStudio/texlive/2020/texmf-dist/tex/latex/amsmath/amstext.sty
Package: amstext 2000/06/29 v2.01 AMS text

(d:/Latex_TexStudio/texlive/2020/texmf-dist/tex/latex/amsmath/amsgen.sty
File: amsgen.sty 1999/11/30 v2.0 generic functions
\@emptytoks=\toks23
\ex@=\dimen173
))
(d:/Latex_TexStudio/texlive/2020/texmf-dist/tex/latex/amsmath/amsbsy.sty
Package: amsbsy 1999/11/29 v1.2d Bold Symbols
\pmbraise@=\dimen174
)
(d:/Latex_TexStudio/texlive/2020/texmf-dist/tex/latex/amsmath/amsopn.sty
Package: amsopn 2016/03/08 v2.02 operator names
)
\inf@bad=\count285
LaTeX Info: Redefining \frac on input line 227.
\uproot@=\count286
\leftroot@=\count287
LaTeX Info: Redefining \overline on input line 389.
\classnum@=\count288
\DOTSCASE@=\count289
LaTeX Info: Redefining \ldots on input line 486.
LaTeX Info: Redefining \dots on input line 489.
LaTeX Info: Redefining \cdots on input line 610.
\Mathstrutbox@=\box55
\strutbox@=\box56
\big@size=\dimen175
LaTeX Font Info:    Redeclaring font encoding OML on input line 733.
LaTeX Font Info:    Redeclaring font encoding OMS on input line 734.
\macc@depth=\count290
\c@MaxMatrixCols=\count291
\dotsspace@=\muskip17
\c@parentequation=\count292
\dspbrk@lvl=\count293
\tag@help=\toks24
\row@=\count294
\column@=\count295
\maxfields@=\count296
\andhelp@=\toks25
\eqnshift@=\dimen176
\alignsep@=\dimen177
\tagshift@=\dimen178
\tagwidth@=\dimen179
\totwidth@=\dimen180
\lineht@=\dimen181
\@envbody=\toks26
\multlinegap=\skip70
\multlinetaggap=\skip71
\mathdisplay@stack=\toks27
LaTeX Info: Redefining \[ on input line 2859.
LaTeX Info: Redefining \] on input line 2860.
)
(d:/Latex_TexStudio/texlive/2020/texmf-dist/tex/latex/geometry/geometry.sty
Package: geometry 2020/01/02 v5.9 Page Geometry

(d:/Latex_TexStudio/texlive/2020/texmf-dist/tex/generic/iftex/ifvtex.sty
Package: ifvtex 2019/10/25 v1.7 ifvtex legacy package. Use iftex instead.

(d:/Latex_TexStudio/texlive/2020/texmf-dist/tex/generic/iftex/iftex.sty
Package: iftex 2020/03/06 v1.0d TeX engine tests
))
\Gm@cnth=\count297
\Gm@cntv=\count298
\c@Gm@tempcnt=\count299
\Gm@bindingoffset=\dimen182
\Gm@wd@mp=\dimen183
\Gm@odd@mp=\dimen184
\Gm@even@mp=\dimen185
\Gm@layoutwidth=\dimen186
\Gm@layoutheight=\dimen187
\Gm@layouthoffset=\dimen188
\Gm@layoutvoffset=\dimen189
\Gm@dimlist=\toks28
)
(d:/Latex_TexStudio/texlive/2020/texmf-dist/tex/latex/listings/listings.sty
\lst@mode=\count300
\lst@gtempboxa=\box57
\lst@token=\toks29
\lst@length=\count301
\lst@currlwidth=\dimen190
\lst@column=\count302
\lst@pos=\count303
\lst@lostspace=\dimen191
\lst@width=\dimen192
\lst@newlines=\count304
\lst@lineno=\count305
\lst@maxwidth=\dimen193

(d:/Latex_TexStudio/texlive/2020/texmf-dist/tex/latex/listings/lstmisc.sty
File: lstmisc.sty 2020/03/24 1.8d (Carsten Heinz)
\c@lstnumber=\count306
\lst@skipnumbers=\count307
\lst@framebox=\box58
)
(d:/Latex_TexStudio/texlive/2020/texmf-dist/tex/latex/listings/listings.cfg
File: listings.cfg 2020/03/24 1.8d listings configuration
))
Package: listings 2020/03/24 1.8d (Carsten Heinz)

(d:/Latex_TexStudio/texlive/2020/texmf-dist/tex/latex/fancyhdr/fancyhdr.sty
Package: fancyhdr 2019/01/31 v3.10 Extensive control of page headers and footer
s
\f@nch@headwidth=\skip72
\f@nch@O@elh=\skip73
\f@nch@O@erh=\skip74
\f@nch@O@olh=\skip75
\f@nch@O@orh=\skip76
\f@nch@O@elf=\skip77
\f@nch@O@erf=\skip78
\f@nch@O@olf=\skip79
\f@nch@O@orf=\skip80
)
(d:/Latex_TexStudio/texlive/2020/texmf-dist/tex/latex/tools/longtable.sty
Package: longtable 2020/01/07 v4.13 Multi-page Table package (DPC)
\LTleft=\skip81
\LTright=\skip82
\LTpre=\skip83
\LTpost=\skip84
\LTchunksize=\count308
\LTcapwidth=\dimen194
\LT@head=\box59
\LT@firsthead=\box60
\LT@foot=\box61
\LT@lastfoot=\box62
\LT@cols=\count309
\LT@rows=\count310
\c@LT@tables=\count311
\c@LT@chunks=\count312
\LT@p@ftn=\toks30
)
(d:/Latex_TexStudio/texlive/2020/texmf-dist/tex/latex/hyperref/hyperref.sty
Package: hyperref 2020/01/14 v7.00d Hypertext links for LaTeX

(d:/Latex_TexStudio/texlive/2020/texmf-dist/tex/generic/ltxcmds/ltxcmds.sty
Package: ltxcmds 2019/12/15 v1.24 LaTeX kernel commands for general use (HO)
)
(d:/Latex_TexStudio/texlive/2020/texmf-dist/tex/latex/pdftexcmds/pdftexcmds.sty
Package: pdftexcmds 2019/11/24 v0.31 Utility functions of pdfTeX for LuaTeX (HO
)

(d:/Latex_TexStudio/texlive/2020/texmf-dist/tex/generic/infwarerr/infwarerr.sty
Package: infwarerr 2019/12/03 v1.5 Providing info/warning/error messages (HO)
)
Package pdftexcmds Info: \pdf@primitive is available.
Package pdftexcmds Info: \pdf@ifprimitive is available.
Package pdftexcmds Info: \pdfdraftmode found.
)
(d:/Latex_TexStudio/texlive/2020/texmf-dist/tex/generic/kvsetkeys/kvsetkeys.sty
Package: kvsetkeys 2019/12/15 v1.18 Key value parser (HO)
)
(d:/Latex_TexStudio/texlive/2020/texmf-dist/tex/generic/kvdefinekeys/kvdefineke
ys.sty
Package: kvdefinekeys 2019-12-19 v1.6 Define keys (HO)
)
(d:/Latex_TexStudio/texlive/2020/texmf-dist/tex/generic/pdfescape/pdfescape.sty
Package: pdfescape 2019/12/09 v1.15 Implements pdfTeX's escape features (HO)
) (d:/Latex_TexStudio/texlive/2020/texmf-dist/tex/latex/hycolor/hycolor.sty
Package: hycolor 2020-01-27 v1.10 Color options for hyperref/bookmark (HO)
)
(d:/Latex_TexStudio/texlive/2020/texmf-dist/tex/latex/letltxmacro/letltxmacro.s
ty
Package: letltxmacro 2019/12/03 v1.6 Let assignment for LaTeX macros (HO)
) (d:/Latex_TexStudio/texlive/2020/texmf-dist/tex/latex/auxhook/auxhook.sty
Package: auxhook 2019-12-17 v1.6 Hooks for auxiliary files (HO)
)
(d:/Latex_TexStudio/texlive/2020/texmf-dist/tex/latex/kvoptions/kvoptions.sty
Package: kvoptions 2019/11/29 v3.13 Key value format for package options (HO)
)
\@linkdim=\dimen195
\Hy@linkcounter=\count313
\Hy@pagecounter=\count314

(d:/Latex_TexStudio/texlive/2020/texmf-dist/tex/latex/hyperref/pd1enc.def
File: pd1enc.def 2020/01/14 v7.00d Hyperref: PDFDocEncoding definition (HO)
Now handling font encoding PD1 ...
... no UTF-8 mapping file for font encoding PD1
)
(d:/Latex_TexStudio/texlive/2020/texmf-dist/tex/generic/intcalc/intcalc.sty
Package: intcalc 2019/12/15 v1.3 Expandable calculations with integers (HO)
)
(d:/Latex_TexStudio/texlive/2020/texmf-dist/tex/generic/etexcmds/etexcmds.sty
Package: etexcmds 2019/12/15 v1.7 Avoid name clashes with e-TeX commands (HO)
)
\Hy@SavedSpaceFactor=\count315
Package hyperref Info: Hyper figures OFF on input line 4547.
Package hyperref Info: Link nesting OFF on input line 4552.
Package hyperref Info: Hyper index ON on input line 4555.
Package hyperref Info: Plain pages OFF on input line 4562.
Package hyperref Info: Backreferencing OFF on input line 4567.
Package hyperref Info: Implicit mode ON; LaTeX internals redefined.
Package hyperref Info: Bookmarks ON on input line 4800.
\c@Hy@tempcnt=\count316
LaTeX Info: Redefining \url on input line 5159.
\XeTeXLinkMargin=\dimen196

(d:/Latex_TexStudio/texlive/2020/texmf-dist/tex/generic/bitset/bitset.sty
Package: bitset 2019/12/09 v1.3 Handle bit-vector datatype (HO)

(d:/Latex_TexStudio/texlive/2020/texmf-dist/tex/generic/bigintcalc/bigintcalc.s
ty
Package: bigintcalc 2019/12/15 v1.5 Expandable calculations on big integers (HO
)
))
\Fld@menulength=\count317
\Field@Width=\dimen197
\Fld@charsize=\dimen198
Package hyperref Info: Hyper figures OFF on input line 6430.
Package hyperref Info: Link nesting OFF on input line 6435.
Package hyperref Info: Hyper index ON on input line 6438.
Package hyperref Info: backreferencing OFF on input line 6445.
Package hyperref Info: Link coloring OFF on input line 6450.
Package hyperref Info: Link coloring with OCG OFF on input line 6455.
Package hyperref Info: PDF/A mode OFF on input line 6460.
LaTeX Info: Redefining \ref on input line 6500.
LaTeX Info: Redefining \pageref on input line 6504.

(d:/Latex_TexStudio/texlive/2020/texmf-dist/tex/generic/atbegshi/atbegshi.sty
Package: atbegshi 2019/12/05 v1.19 At begin shipout hook (HO)
)
\Hy@abspage=\count318
\c@Item=\count319
\c@Hfootnote=\count320
)
Package hyperref Info: Driver (autodetected): hpdftex.
(d:/Latex_TexStudio/texlive/2020/texmf-dist/tex/latex/hyperref/hpdftex.def
File: hpdftex.def 2020/01/14 v7.00d Hyperref driver for pdfTeX

(d:/Latex_TexStudio/texlive/2020/texmf-dist/tex/latex/atveryend/atveryend.sty
Package: atveryend 2019-12-11 v1.11 Hooks at the very end of document (HO)
Package atveryend Info: \enddocument detected (standard20110627).
)
\Fld@listcount=\count321
\c@bookmark@seq@number=\count322

(d:/Latex_TexStudio/texlive/2020/texmf-dist/tex/latex/rerunfilecheck/rerunfilec
heck.sty
Package: rerunfilecheck 2019/12/05 v1.9 Rerun checks for auxiliary files (HO)

(d:/Latex_TexStudio/texlive/2020/texmf-dist/tex/generic/uniquecounter/uniquecou
nter.sty
Package: uniquecounter 2019/12/15 v1.4 Provide unlimited unique counter (HO)
)
Package uniquecounter Info: New unique counter `rerunfilecheck' on input line 2
86.
)
\Hy@SectionHShift=\skip85
)
(d:/Latex_TexStudio/texlive/2020/texmf-dist/tex/latex/grffile/grffile.sty
Package: grffile 2019/11/11 v2.1 Extended file name support for graphics (legac
y)
Package grffile Info: This package is an empty stub for compatibility on input 
line 40.
)
   defining Unicode char U+2212 (decimal 8722)

(d:/Latex_TexStudio/texlive/2020/texmf-dist/tex/latex/siunitx/siunitx.sty
Package: siunitx 2020/02/25 v2.8b A comprehensive (SI) units package

(d:/Latex_TexStudio/texlive/2020/texmf-dist/tex/latex/l3packages/l3keys2e/l3key
s2e.sty
Package: l3keys2e 2020-03-06 LaTeX2e option processing using LaTeX3 keys
)
\l__siunitx_tmp_box=\box63
\l__siunitx_tmp_dim=\dimen256
\l__siunitx_tmp_int=\count323
\l__siunitx_number_mantissa_length_int=\count324
\l__siunitx_number_uncert_length_int=\count325
\l__siunitx_round_int=\count326
\l__siunitx_process_decimal_int=\count327
\l__siunitx_process_uncertainty_int=\count328
\l__siunitx_process_fixed_int=\count329
\l__siunitx_process_integer_min_int=\count330
\l__siunitx_process_precision_int=\count331
\l__siunitx_group_min_int=\count332
\l__siunitx_angle_marker_box=\box64
\l__siunitx_angle_unit_box=\box65
\l__siunitx_angle_marker_dim=\dimen257
\l__siunitx_angle_unit_dim=\dimen258
\l__siunitx_unit_int=\count333
\l__siunitx_unit_denominator_int=\count334
\l__siunitx_unit_numerator_int=\count335
\l__siunitx_unit_prefix_int=\count336
\l__siunitx_unit_prefix_base_int=\count337
\l__siunitx_unit_prefix_gram_int=\count338
\l__siunitx_number_product_int=\count339
\c__siunitx_one_fill_skip=\skip86
\l__siunitx_table_unit_align_skip=\skip87
\l__siunitx_table_exponent_dim=\dimen259
\l__siunitx_table_integer_dim=\dimen260
\l__siunitx_table_mantissa_dim=\dimen261
\l__siunitx_table_marker_dim=\dimen262
\l__siunitx_table_result_dim=\dimen263
\l__siunitx_table_uncert_dim=\dimen264
\l__siunitx_table_fill_pre_dim=\dimen265
\l__siunitx_table_fill_post_dim=\dimen266
\l__siunitx_table_fill_mid_dim=\dimen267
\l__siunitx_table_pre_box=\box66
\l__siunitx_table_post_box=\box67
\l__siunitx_table_mantissa_box=\box68
\l__siunitx_table_result_box=\box69
\l__siunitx_table_number_align_skip=\skip88
\l__siunitx_table_text_align_skip=\skip89

(d:/Latex_TexStudio/texlive/2020/texmf-dist/tex/latex/translator/translator.sty
Package: translator 2019-05-31 v1.12a Easy translation of strings in LaTeX
)) (d:/Latex_TexStudio/texlive/2020/texmf-dist/tex/latex/shipunov/boldline.sty
Package: boldline 2008/02/04 v0.2 Adjust line width in tables
)
Package hyperref Info: Option `colorlinks' set `true' on input line 52.
(d:/Latex_TexStudio/texlive/2020/texmf-dist/tex/latex/titlesec/titlesec.sty
Package: titlesec 2019/10/16 v2.13 Sectioning titles
\ttl@box=\box70
\beforetitleunit=\skip90
\aftertitleunit=\skip91
\ttl@plus=\dimen268
\ttl@minus=\dimen269
\ttl@toksa=\toks31
\titlewidth=\dimen270
\titlewidthlast=\dimen271
\titlewidthfirst=\dimen272
)
(d:/Latex_TexStudio/texlive/2020/texmf-dist/tex/latex/enumitem/enumitem.sty
Package: enumitem 2019/06/20 v3.9 Customized lists
\labelindent=\skip92
\enit@outerparindent=\dimen273
\enit@toks=\toks32
\enit@inbox=\box71
\enit@count@id=\count340
\enitdp@description=\count341
)
\enitdp@abbrv=\count342

(./ANN_FinalReport.aux (./Exercise1/Report/Exercise1.aux)
(./Exercise2/Report/Exercise2.aux) (./Exercise3/Report/Exercise3.aux)
(./Exercise4/Report/Exercise4.aux))
\openout1 = `ANN_FinalReport.aux'.

LaTeX Font Info:    Checking defaults for OML/cmm/m/it on input line 74.
LaTeX Font Info:    ... okay on input line 74.
LaTeX Font Info:    Checking defaults for OMS/cmsy/m/n on input line 74.
LaTeX Font Info:    ... okay on input line 74.
LaTeX Font Info:    Checking defaults for OT1/cmr/m/n on input line 74.
LaTeX Font Info:    ... okay on input line 74.
LaTeX Font Info:    Checking defaults for T1/cmr/m/n on input line 74.
LaTeX Font Info:    ... okay on input line 74.
LaTeX Font Info:    Checking defaults for TS1/cmr/m/n on input line 74.
LaTeX Font Info:    ... okay on input line 74.
LaTeX Font Info:    Checking defaults for OMX/cmex/m/n on input line 74.
LaTeX Font Info:    ... okay on input line 74.
LaTeX Font Info:    Checking defaults for U/cmr/m/n on input line 74.
LaTeX Font Info:    ... okay on input line 74.
LaTeX Font Info:    Checking defaults for PD1/pdf/m/n on input line 74.
LaTeX Font Info:    ... okay on input line 74.
Package caption Info: Begin \AtBeginDocument code.
Package caption Info: hyperref package is loaded.
Package caption Info: listings package is loaded.
Package caption Info: longtable package is loaded.

(d:/Latex_TexStudio/texlive/2020/texmf-dist/tex/latex/caption/ltcaption.sty
Package: ltcaption 2018/08/26 v1.4a longtable captions (AR)
)
Package caption Info: Fixing longtable code of `floatrow' package.
Package caption Info: End \AtBeginDocument code.

(d:/Latex_TexStudio/texlive/2020/texmf-dist/tex/latex/floatrow/fr-longtable.sty
Package: fr-longtable 2007/11/28 v0.1b (beta) floatrow: additions for longtable

\flrow@LT@lasthead=\box72
\flrow@LT@prelastfoot=\box73
\c@FBLTpage=\count343
)
(d:/Latex_TexStudio/texlive/2020/texmf-dist/tex/context/base/mkii/supp-pdf.mkii
[Loading MPS to PDF converter (version 2006.09.02).]
\scratchcounter=\count344
\scratchdimen=\dimen274
\scratchbox=\box74
\nofMPsegments=\count345
\nofMParguments=\count346
\everyMPshowfont=\toks33
\MPscratchCnt=\count347
\MPscratchDim=\dimen275
\MPnumerator=\count348
\makeMPintoPDFobject=\count349
\everyMPtoPDFconversion=\toks34
)
(d:/Latex_TexStudio/texlive/2020/texmf-dist/tex/latex/epstopdf-pkg/epstopdf-bas
e.sty
Package: epstopdf-base 2020-01-24 v2.11 Base part for package epstopdf
Package epstopdf-base Info: Redefining graphics rule for `.eps' on input line 4
85.

(d:/Latex_TexStudio/texlive/2020/texmf-dist/tex/latex/latexconfig/epstopdf-sys.
cfg
File: epstopdf-sys.cfg 2010/07/13 v1.3 Configuration of (r)epstopdf for TeX Liv
e
))
*geometry* driver: auto-detecting
*geometry* detected driver: pdftex
*geometry* verbose mode - [ preamble ] result:
* driver: pdftex
* paper: <default>
* layout: <same size as paper>
* layoutoffset:(h,v)=(0.0pt,0.0pt)
* modes: 
* h-part:(L,W,R)=(65.04256pt, 484.20988pt, 65.04256pt)
* v-part:(T,H,B)=(65.04256pt, 664.88487pt, 65.04256pt)
* \paperwidth=614.295pt
* \paperheight=794.96999pt
* \textwidth=484.20988pt
* \textheight=664.88487pt
* \oddsidemargin=-7.22743pt
* \evensidemargin=-7.22743pt
* \topmargin=-44.22743pt
* \headheight=12.0pt
* \headsep=25.0pt
* \topskip=12.0pt
* \footskip=30.0pt
* \marginparwidth=44.0pt
* \marginparsep=10.0pt
* \columnsep=10.0pt
* \skip\footins=10.8pt plus 4.0pt minus 2.0pt
* \hoffset=0.0pt
* \voffset=0.0pt
* \mag=1000
* \@twocolumnfalse
* \@twosidefalse
* \@mparswitchfalse
* \@reversemarginfalse
* (1in=72.27pt=25.4mm, 1cm=28.453pt)

\c@lstlisting=\count350
\AtBeginShipoutBox=\box75
Package hyperref Info: Link coloring ON on input line 74.
(d:/Latex_TexStudio/texlive/2020/texmf-dist/tex/latex/hyperref/nameref.sty
Package: nameref 2019/09/16 v2.46 Cross-referencing by name of section

(d:/Latex_TexStudio/texlive/2020/texmf-dist/tex/latex/refcount/refcount.sty
Package: refcount 2019/12/15 v3.6 Data extraction from label references (HO)
)
(d:/Latex_TexStudio/texlive/2020/texmf-dist/tex/generic/gettitlestring/gettitle
string.sty
Package: gettitlestring 2019/12/15 v1.6 Cleanup title references (HO)
)
\c@section@level=\count351
)
LaTeX Info: Redefining \ref on input line 74.
LaTeX Info: Redefining \pageref on input line 74.
LaTeX Info: Redefining \nameref on input line 74.
 (./ANN_FinalReport.out) (./ANN_FinalReport.out)
\@outlinefile=\write3
\openout3 = `ANN_FinalReport.out'.


(d:/Latex_TexStudio/texlive/2020/texmf-dist/tex/latex/translator/translator-bas
ic-dictionary-English.dict
Dictionary: translator-basic-dictionary, Language: English 
)
(d:/Latex_TexStudio/texlive/2020/texmf-dist/tex/latex/siunitx/siunitx-abbreviat
ions.cfg
File: siunitx-abbreviations.cfg 2017/11/26 v2.7k siunitx: Abbreviated units
)
<KU Leuven logo.png, id=72, 401.5pt x 143.53625pt>
File: KU Leuven logo.png Graphic file (type png)
<use KU Leuven logo.png>
Package pdftex.def Info: KU Leuven logo.png  used on input line 79.
(pdftex.def)             Requested size: 119.3788pt x 42.67912pt.

Underfull \hbox (badness 10000) in paragraph at lines 93--109

 []


Package Fancyhdr Warning: \headheight is too small (12.0pt): 
Make it at least 14.49998pt.
We now make it that large for the rest of the document.
This may cause the page layout to be inconsistent, however.

[1{d:/Latex_TexStudio/texlive/2020/texmf-var/fonts/map/pdftex/updmap/pdftex.map
}

 <./KU Leuven logo.png>]

LaTeX Font Warning: Font shape `OT1/cmr/bx/n' in size <24> not available
(Font)              size <24.88> substituted on input line 110.

(./ANN_FinalReport.toc)
\tf@toc=\write4
\openout4 = `ANN_FinalReport.toc'.

 [2

]
\openout2 = `Exercise1/Report/Exercise1.aux'.

 (./Exercise1/Report/Exercise1.tex
Chapter 1.

LaTeX Font Warning: Font shape `OT1/cmr/bx/n' in size <16> not available
(Font)              size <17.28> substituted on input line 2.


Overfull \hbox (4.22777pt too wide) in paragraph at lines 2--2
|[]\OT1/cmr/bx/n/17.28 Backpropagation in feed-for-ward multi-layer net-works| 

 []

Package epstopdf Info: Source file: <Exercise1/Report/train_gd_gda.eps>
(epstopdf)                    date: 2020-05-25 14:47:41
(epstopdf)                    size: 133508 bytes
(epstopdf)             Output file: <Exercise1/Report/train_gd_gda-eps-converte
d-to.pdf>
(epstopdf)                    date: 2020-05-25 18:42:26
(epstopdf)                    size: 31065 bytes
(epstopdf)             Command: <repstopdf --outfile=Exercise1/Report/train_gd_
gda-eps-converted-to.pdf Exercise1/Report/train_gd_gda.eps>
(epstopdf)             \includegraphics on input line 9.
Package epstopdf Info: Output file is already uptodate.
<Exercise1/Report/train_gd_gda-eps-converted-to.pdf, id=124, 1445.4pt x 724.707
5pt>
File: Exercise1/Report/train_gd_gda-eps-converted-to.pdf Graphic file (type pdf
)
<use Exercise1/Report/train_gd_gda-eps-converted-to.pdf>
Package pdftex.def Info: Exercise1/Report/train_gd_gda-eps-converted-to.pdf  us
ed on input line 9.
(pdftex.def)             Requested size: 159.78847pt x 111.84193pt.
Package epstopdf Info: Source file: <Exercise1/Report/train_gd_cgf.eps>
(epstopdf)                    date: 2020-05-25 14:54:37
(epstopdf)                    size: 133322 bytes
(epstopdf)             Output file: <Exercise1/Report/train_gd_cgf-eps-converte
d-to.pdf>
(epstopdf)                    date: 2020-05-25 18:42:28
(epstopdf)                    size: 31162 bytes
(epstopdf)             Command: <repstopdf --outfile=Exercise1/Report/train_gd_
cgf-eps-converted-to.pdf Exercise1/Report/train_gd_cgf.eps>
(epstopdf)             \includegraphics on input line 15.
Package epstopdf Info: Output file is already uptodate.
<Exercise1/Report/train_gd_cgf-eps-converted-to.pdf, id=125, 1445.4pt x 724.707
5pt>
File: Exercise1/Report/train_gd_cgf-eps-converted-to.pdf Graphic file (type pdf
)
<use Exercise1/Report/train_gd_cgf-eps-converted-to.pdf>
Package pdftex.def Info: Exercise1/Report/train_gd_cgf-eps-converted-to.pdf  us
ed on input line 15.
(pdftex.def)             Requested size: 159.78847pt x 111.84193pt.
Package epstopdf Info: Source file: <Exercise1/Report/train_gd_cgp.eps>
(epstopdf)                    date: 2020-05-25 14:57:40
(epstopdf)                    size: 133234 bytes
(epstopdf)             Output file: <Exercise1/Report/train_gd_cgp-eps-converte
d-to.pdf>
(epstopdf)                    date: 2020-05-25 18:42:31
(epstopdf)                    size: 31114 bytes
(epstopdf)             Command: <repstopdf --outfile=Exercise1/Report/train_gd_
cgp-eps-converted-to.pdf Exercise1/Report/train_gd_cgp.eps>
(epstopdf)             \includegraphics on input line 21.
Package epstopdf Info: Output file is already uptodate.
<Exercise1/Report/train_gd_cgp-eps-converted-to.pdf, id=126, 1445.4pt x 724.707
5pt>
File: Exercise1/Report/train_gd_cgp-eps-converted-to.pdf Graphic file (type pdf
)
<use Exercise1/Report/train_gd_cgp-eps-converted-to.pdf>
Package pdftex.def Info: Exercise1/Report/train_gd_cgp-eps-converted-to.pdf  us
ed on input line 21.
(pdftex.def)             Requested size: 159.78847pt x 111.84193pt.
Package epstopdf Info: Source file: <Exercise1/Report/train_gd_br.eps>
(epstopdf)                    date: 2020-05-25 18:38:46
(epstopdf)                    size: 134049 bytes
(epstopdf)             Output file: <Exercise1/Report/train_gd_br-eps-converted
-to.pdf>
(epstopdf)                    date: 2020-05-25 18:42:33
(epstopdf)                    size: 30966 bytes
(epstopdf)             Command: <repstopdf --outfile=Exercise1/Report/train_gd_
br-eps-converted-to.pdf Exercise1/Report/train_gd_br.eps>
(epstopdf)             \includegraphics on input line 27.
Package epstopdf Info: Output file is already uptodate.
<Exercise1/Report/train_gd_br-eps-converted-to.pdf, id=127, 1445.4pt x 724.7075
pt>
File: Exercise1/Report/train_gd_br-eps-converted-to.pdf Graphic file (type pdf)

<use Exercise1/Report/train_gd_br-eps-converted-to.pdf>
Package pdftex.def Info: Exercise1/Report/train_gd_br-eps-converted-to.pdf  use
d on input line 27.
(pdftex.def)             Requested size: 159.78847pt x 111.84193pt.
Package epstopdf Info: Source file: <Exercise1/Report/train_lm_gd.eps>
(epstopdf)                    date: 2020-05-25 14:48:06
(epstopdf)                    size: 133566 bytes
(epstopdf)             Output file: <Exercise1/Report/train_lm_gd-eps-converted
-to.pdf>
(epstopdf)                    date: 2020-05-25 18:42:35
(epstopdf)                    size: 31010 bytes
(epstopdf)             Command: <repstopdf --outfile=Exercise1/Report/train_lm_
gd-eps-converted-to.pdf Exercise1/Report/train_lm_gd.eps>
(epstopdf)             \includegraphics on input line 33.
Package epstopdf Info: Output file is already uptodate.
<Exercise1/Report/train_lm_gd-eps-converted-to.pdf, id=128, 1445.4pt x 724.7075
pt>
File: Exercise1/Report/train_lm_gd-eps-converted-to.pdf Graphic file (type pdf)

<use Exercise1/Report/train_lm_gd-eps-converted-to.pdf>
Package pdftex.def Info: Exercise1/Report/train_lm_gd-eps-converted-to.pdf  use
d on input line 33.
(pdftex.def)             Requested size: 159.78847pt x 111.84193pt.
Package epstopdf Info: Source file: <Exercise1/Report/train_lm_gda.eps>
(epstopdf)                    date: 2020-05-25 14:45:18
(epstopdf)                    size: 132593 bytes
(epstopdf)             Output file: <Exercise1/Report/train_lm_gda-eps-converte
d-to.pdf>
(epstopdf)                    date: 2020-05-25 18:43:57
(epstopdf)                    size: 30989 bytes
(epstopdf)             Command: <repstopdf --outfile=Exercise1/Report/train_lm_
gda-eps-converted-to.pdf Exercise1/Report/train_lm_gda.eps>
(epstopdf)             \includegraphics on input line 39.
Package epstopdf Info: Output file is already uptodate.
<Exercise1/Report/train_lm_gda-eps-converted-to.pdf, id=129, 1445.4pt x 724.707
5pt>
File: Exercise1/Report/train_lm_gda-eps-converted-to.pdf Graphic file (type pdf
)
<use Exercise1/Report/train_lm_gda-eps-converted-to.pdf>
Package pdftex.def Info: Exercise1/Report/train_lm_gda-eps-converted-to.pdf  us
ed on input line 39.
(pdftex.def)             Requested size: 159.78847pt x 111.84193pt.
Package epstopdf Info: Source file: <Exercise1/Report/train_lm_gd_2.eps>
(epstopdf)                    date: 2020-05-25 15:08:05
(epstopdf)                    size: 132771 bytes
(epstopdf)             Output file: <Exercise1/Report/train_lm_gd_2-eps-convert
ed-to.pdf>
(epstopdf)                    date: 2020-05-25 20:33:39
(epstopdf)                    size: 30964 bytes
(epstopdf)             Command: <repstopdf --outfile=Exercise1/Report/train_lm_
gd_2-eps-converted-to.pdf Exercise1/Report/train_lm_gd_2.eps>
(epstopdf)             \includegraphics on input line 52.
Package epstopdf Info: Output file is already uptodate.
<Exercise1/Report/train_lm_gd_2-eps-converted-to.pdf, id=131, 1445.4pt x 724.70
75pt>
File: Exercise1/Report/train_lm_gd_2-eps-converted-to.pdf Graphic file (type pd
f)
<use Exercise1/Report/train_lm_gd_2-eps-converted-to.pdf>
Package pdftex.def Info: Exercise1/Report/train_lm_gd_2-eps-converted-to.pdf  u
sed on input line 52.
(pdftex.def)             Requested size: 159.78847pt x 111.84193pt.

Underfull \hbox (badness 10000) in paragraph at lines 53--53
[][]|\OT1/cmr/m/n/10.95 train[]lm VS train[]gd for
 []

Package epstopdf Info: Source file: <Exercise1/Report/mse_1.eps>
(epstopdf)                    date: 2020-05-25 18:11:34
(epstopdf)                    size: 176169 bytes
(epstopdf)             Output file: <Exercise1/Report/mse_1-eps-converted-to.pd
f>
(epstopdf)                    date: 2020-05-25 20:33:42
(epstopdf)                    size: 52284 bytes
(epstopdf)             Command: <repstopdf --outfile=Exercise1/Report/mse_1-eps
-converted-to.pdf Exercise1/Report/mse_1.eps>
(epstopdf)             \includegraphics on input line 58.
Package epstopdf Info: Output file is already uptodate.
<Exercise1/Report/mse_1-eps-converted-to.pdf, id=132, 1445.4pt x 724.7075pt>
File: Exercise1/Report/mse_1-eps-converted-to.pdf Graphic file (type pdf)
<use Exercise1/Report/mse_1-eps-converted-to.pdf>
Package pdftex.def Info: Exercise1/Report/mse_1-eps-converted-to.pdf  used on i
nput line 58.
(pdftex.def)             Requested size: 159.78847pt x 111.84193pt.

Underfull \hbox (badness 1430) in paragraph at lines 59--59
[][]|\OT1/cmr/m/n/10.95 MSE VS Num-ber of
 []

Package epstopdf Info: Source file: <Exercise1/Report/mse_2.eps>
(epstopdf)                    date: 2020-05-25 18:12:23
(epstopdf)                    size: 34273 bytes
(epstopdf)             Output file: <Exercise1/Report/mse_2-eps-converted-to.pd
f>
(epstopdf)                    date: 2020-05-25 20:33:44
(epstopdf)                    size: 9962 bytes
(epstopdf)             Command: <repstopdf --outfile=Exercise1/Report/mse_2-eps
-converted-to.pdf Exercise1/Report/mse_2.eps>
(epstopdf)             \includegraphics on input line 64.
Package epstopdf Info: Output file is already uptodate.
<Exercise1/Report/mse_2-eps-converted-to.pdf, id=133, 1445.4pt x 724.7075pt>
File: Exercise1/Report/mse_2-eps-converted-to.pdf Graphic file (type pdf)
<use Exercise1/Report/mse_2-eps-converted-to.pdf>
Package pdftex.def Info: Exercise1/Report/mse_2-eps-converted-to.pdf  used on i
nput line 64.
(pdftex.def)             Requested size: 159.78847pt x 111.84193pt.
[1


 <./Exercise1/Report/train_gd_gda-eps-converted-to.pdf> <./Exercise1/Report/tra
in_gd_cgf-eps-converted-to.pdf> <./Exercise1/Report/train_gd_cgp-eps-converted-
to.pdf> <./Exercise1/Report/train_gd_br-eps-converted-to.pdf> <./Exercise1/Repo
rt/train_lm_gd-eps-converted-to.pdf> <./Exercise1/Report/train_lm_gda-eps-conve
rted-to.pdf>]
Package epstopdf Info: Source file: <Exercise1/Report/train_lm_gd_noise_2.eps>
(epstopdf)                    date: 2020-05-25 17:02:12
(epstopdf)                    size: 133499 bytes
(epstopdf)             Output file: <Exercise1/Report/train_lm_gd_noise_2-eps-c
onverted-to.pdf>
(epstopdf)                    date: 2020-05-25 20:48:37
(epstopdf)                    size: 31212 bytes
(epstopdf)             Command: <repstopdf --outfile=Exercise1/Report/train_lm_
gd_noise_2-eps-converted-to.pdf Exercise1/Report/train_lm_gd_noise_2.eps>
(epstopdf)             \includegraphics on input line 79.
Package epstopdf Info: Output file is already uptodate.
<Exercise1/Report/train_lm_gd_noise_2-eps-converted-to.pdf, id=195, 1445.4pt x 
724.7075pt>
File: Exercise1/Report/train_lm_gd_noise_2-eps-converted-to.pdf Graphic file (t
ype pdf)
<use Exercise1/Report/train_lm_gd_noise_2-eps-converted-to.pdf>
Package pdftex.def Info: Exercise1/Report/train_lm_gd_noise_2-eps-converted-to.
pdf  used on input line 79.
(pdftex.def)             Requested size: 159.78847pt x 111.84193pt.

Underfull \hbox (badness 10000) in paragraph at lines 80--80
[][]|\OT1/cmr/m/n/10.95 train[]lm VS train[]gd for
 []

Package epstopdf Info: Source file: <Exercise1/Report/mse_1_noise.eps>
(epstopdf)                    date: 2020-05-25 18:05:58
(epstopdf)                    size: 170711 bytes
(epstopdf)             Output file: <Exercise1/Report/mse_1_noise-eps-converted
-to.pdf>
(epstopdf)                    date: 2020-05-25 20:50:36
(epstopdf)                    size: 51670 bytes
(epstopdf)             Command: <repstopdf --outfile=Exercise1/Report/mse_1_noi
se-eps-converted-to.pdf Exercise1/Report/mse_1_noise.eps>
(epstopdf)             \includegraphics on input line 85.
Package epstopdf Info: Output file is already uptodate.
<Exercise1/Report/mse_1_noise-eps-converted-to.pdf, id=196, 1445.4pt x 724.7075
pt>
File: Exercise1/Report/mse_1_noise-eps-converted-to.pdf Graphic file (type pdf)

<use Exercise1/Report/mse_1_noise-eps-converted-to.pdf>
Package pdftex.def Info: Exercise1/Report/mse_1_noise-eps-converted-to.pdf  use
d on input line 85.
(pdftex.def)             Requested size: 159.78847pt x 111.84193pt.

Underfull \hbox (badness 1430) in paragraph at lines 86--86
[][]|\OT1/cmr/m/n/10.95 MSE VS Num-ber of
 []

Package epstopdf Info: Source file: <Exercise1/Report/mse_2_noise.eps>
(epstopdf)                    date: 2020-05-25 18:04:54
(epstopdf)                    size: 35567 bytes
(epstopdf)             Output file: <Exercise1/Report/mse_2_noise-eps-converted
-to.pdf>
(epstopdf)                    date: 2020-05-25 20:48:39
(epstopdf)                    size: 10141 bytes
(epstopdf)             Command: <repstopdf --outfile=Exercise1/Report/mse_2_noi
se-eps-converted-to.pdf Exercise1/Report/mse_2_noise.eps>
(epstopdf)             \includegraphics on input line 91.
Package epstopdf Info: Output file is already uptodate.
<Exercise1/Report/mse_2_noise-eps-converted-to.pdf, id=197, 1445.4pt x 724.7075
pt>
File: Exercise1/Report/mse_2_noise-eps-converted-to.pdf Graphic file (type pdf)

<use Exercise1/Report/mse_2_noise-eps-converted-to.pdf>
Package pdftex.def Info: Exercise1/Report/mse_2_noise-eps-converted-to.pdf  use
d on input line 91.
(pdftex.def)             Requested size: 159.78847pt x 111.84193pt.
[2 <./Exercise1/Report/train_lm_gd_2-eps-converted-to.pdf> <./Exercise1/Report/
mse_1-eps-converted-to.pdf> <./Exercise1/Report/mse_2-eps-converted-to.pdf> <./
Exercise1/Report/train_lm_gd_noise_2-eps-converted-to.pdf> <./Exercise1/Report/
mse_1_noise-eps-converted-to.pdf> <./Exercise1/Report/mse_2_noise-eps-converted
-to.pdf>]
Package epstopdf Info: Source file: <Exercise1/Report/pers_reg_train.eps>
(epstopdf)                    date: 2020-05-26 04:55:12
(epstopdf)                    size: 938577 bytes
(epstopdf)             Output file: <Exercise1/Report/pers_reg_train-eps-conver
ted-to.pdf>
(epstopdf)                    date: 2020-05-26 05:08:38
(epstopdf)                    size: 1638752 bytes
(epstopdf)             Command: <repstopdf --outfile=Exercise1/Report/pers_reg_
train-eps-converted-to.pdf Exercise1/Report/pers_reg_train.eps>
(epstopdf)             \includegraphics on input line 106.
Package epstopdf Info: Output file is already uptodate.
<Exercise1/Report/pers_reg_train-eps-converted-to.pdf, id=244, 1445.4pt x 724.7
075pt>
File: Exercise1/Report/pers_reg_train-eps-converted-to.pdf Graphic file (type p
df)
<use Exercise1/Report/pers_reg_train-eps-converted-to.pdf>
Package pdftex.def Info: Exercise1/Report/pers_reg_train-eps-converted-to.pdf  
used on input line 106.
(pdftex.def)             Requested size: 242.09773pt x 145.25961pt.
Package epstopdf Info: Source file: <Exercise1/Report/pers_reg_val.eps>
(epstopdf)                    date: 2020-05-26 04:54:20
(epstopdf)                    size: 982252 bytes
(epstopdf)             Output file: <Exercise1/Report/pers_reg_val-eps-converte
d-to.pdf>
(epstopdf)                    date: 2020-05-26 05:08:40
(epstopdf)                    size: 1672965 bytes
(epstopdf)             Command: <repstopdf --outfile=Exercise1/Report/pers_reg_
val-eps-converted-to.pdf Exercise1/Report/pers_reg_val.eps>
(epstopdf)             \includegraphics on input line 111.
Package epstopdf Info: Output file is already uptodate.
<Exercise1/Report/pers_reg_val-eps-converted-to.pdf, id=245, 1445.4pt x 724.707
5pt>
File: Exercise1/Report/pers_reg_val-eps-converted-to.pdf Graphic file (type pdf
)
<use Exercise1/Report/pers_reg_val-eps-converted-to.pdf>
Package pdftex.def Info: Exercise1/Report/pers_reg_val-eps-converted-to.pdf  us
ed on input line 111.
(pdftex.def)             Requested size: 242.09773pt x 145.25961pt.

Underfull \hbox (badness 10000) in paragraph at lines 122--122
[]|\OT1/cmr/m/n/12 Network
 []


Underfull \hbox (badness 10000) in paragraph at lines 122--122
\OT1/cmr/m/n/12 trans-fer
 []


Underfull \hbox (badness 10000) in paragraph at lines 122--122
[]|\OT1/cmr/m/n/12 Hidden
 []


Underfull \hbox (badness 10000) in paragraph at lines 122--122
[]|\OT1/cmr/m/n/12 MSE on
 []


Underfull \hbox (badness 10000) in paragraph at lines 122--122
[]|\OT1/cmr/m/n/12 MSE on
 []


Underfull \hbox (badness 10000) in paragraph at lines 122--122
[]|\OT1/cmr/m/n/12 Training
 []

Package epstopdf Info: Source file: <Exercise1/Report/test_out.eps>
(epstopdf)                    date: 2020-05-26 06:10:20
(epstopdf)                    size: 939688 bytes
(epstopdf)             Output file: <Exercise1/Report/test_out-eps-converted-to
.pdf>
(epstopdf)                    date: 2020-05-26 06:15:45
(epstopdf)                    size: 1658171 bytes
(epstopdf)             Command: <repstopdf --outfile=Exercise1/Report/test_out-
eps-converted-to.pdf Exercise1/Report/test_out.eps>
(epstopdf)             \includegraphics on input line 144.
Package epstopdf Info: Output file is already uptodate.
<Exercise1/Report/test_out-eps-converted-to.pdf, id=248, 1445.4pt x 724.7075pt>

File: Exercise1/Report/test_out-eps-converted-to.pdf Graphic file (type pdf)
<use Exercise1/Report/test_out-eps-converted-to.pdf>
Package pdftex.def Info: Exercise1/Report/test_out-eps-converted-to.pdf  used o
n input line 144.
(pdftex.def)             Requested size: 387.36938pt x 194.22502pt.

Overfull \hbox (5.5792pt too wide) in paragraph at lines 157--157
[]|\OT1/cmr/m/n/12 Hidden
 []


Underfull \hbox (badness 10000) in paragraph at lines 157--157
[]|\OT1/cmr/m/n/12 MSE on
 []


Underfull \hbox (badness 10000) in paragraph at lines 157--157
\OT1/cmr/m/n/12 train-ing
 []


Underfull \hbox (badness 10000) in paragraph at lines 157--157
[]|\OT1/cmr/m/n/12 Training
 []


Overfull \hbox (5.5792pt too wide) in paragraph at lines 180--180
[]|\OT1/cmr/m/n/12 Hidden
 []


Underfull \hbox (badness 10000) in paragraph at lines 180--180
[]|\OT1/cmr/m/n/12 MSE on
 []


Underfull \hbox (badness 10000) in paragraph at lines 180--180
\OT1/cmr/m/n/12 train-ing
 []


Underfull \hbox (badness 10000) in paragraph at lines 180--180
[]|\OT1/cmr/m/n/12 Training
 []


Overfull \hbox (19.37251pt too wide) in paragraph at lines 153--199
 []$[]$$[]$ 
 []

[3 <./Exercise1/Report/pers_reg_train-eps-converted-to.pdf> <./Exercise1/Report
/pers_reg_val-eps-converted-to.pdf>]
Package epstopdf Info: Source file: <Exercise1/Report/train_br_gda.eps>
(epstopdf)                    date: 2020-05-26 07:45:28
(epstopdf)                    size: 133753 bytes
(epstopdf)             Output file: <Exercise1/Report/train_br_gda-eps-converte
d-to.pdf>
(epstopdf)                    date: 2020-05-26 07:52:42
(epstopdf)                    size: 31034 bytes
(epstopdf)             Command: <repstopdf --outfile=Exercise1/Report/train_br_
gda-eps-converted-to.pdf Exercise1/Report/train_br_gda.eps>
(epstopdf)             \includegraphics on input line 205.
Package epstopdf Info: Output file is already uptodate.
<Exercise1/Report/train_br_gda-eps-converted-to.pdf, id=272, 1445.4pt x 724.707
5pt>
File: Exercise1/Report/train_br_gda-eps-converted-to.pdf Graphic file (type pdf
)
<use Exercise1/Report/train_br_gda-eps-converted-to.pdf>
Package pdftex.def Info: Exercise1/Report/train_br_gda-eps-converted-to.pdf  us
ed on input line 205.
(pdftex.def)             Requested size: 229.98953pt x 169.46587pt.
Package epstopdf Info: Source file: <Exercise1/Report/train_br_cgf.eps>
(epstopdf)                    date: 2020-05-26 06:29:49
(epstopdf)                    size: 132280 bytes
(epstopdf)             Output file: <Exercise1/Report/train_br_cgf-eps-converte
d-to.pdf>
(epstopdf)                    date: 2020-05-26 07:52:44
(epstopdf)                    size: 30452 bytes
(epstopdf)             Command: <repstopdf --outfile=Exercise1/Report/train_br_
cgf-eps-converted-to.pdf Exercise1/Report/train_br_cgf.eps>
(epstopdf)             \includegraphics on input line 211.
Package epstopdf Info: Output file is already uptodate.
<Exercise1/Report/train_br_cgf-eps-converted-to.pdf, id=273, 1445.4pt x 724.707
5pt>
File: Exercise1/Report/train_br_cgf-eps-converted-to.pdf Graphic file (type pdf
)
<use Exercise1/Report/train_br_cgf-eps-converted-to.pdf>
Package pdftex.def Info: Exercise1/Report/train_br_cgf-eps-converted-to.pdf  us
ed on input line 211.
(pdftex.def)             Requested size: 229.98953pt x 169.46587pt.
Package epstopdf Info: Source file: <Exercise1/Report/train_br_cgp.eps>
(epstopdf)                    date: 2020-05-26 07:48:31
(epstopdf)                    size: 131386 bytes
(epstopdf)             Output file: <Exercise1/Report/train_br_cgp-eps-converte
d-to.pdf>
(epstopdf)                    date: 2020-05-26 07:52:47
(epstopdf)                    size: 30519 bytes
(epstopdf)             Command: <repstopdf --outfile=Exercise1/Report/train_br_
cgp-eps-converted-to.pdf Exercise1/Report/train_br_cgp.eps>
(epstopdf)             \includegraphics on input line 217.
Package epstopdf Info: Output file is already uptodate.
<Exercise1/Report/train_br_cgp-eps-converted-to.pdf, id=274, 1445.4pt x 724.707
5pt>
File: Exercise1/Report/train_br_cgp-eps-converted-to.pdf Graphic file (type pdf
)
<use Exercise1/Report/train_br_cgp-eps-converted-to.pdf>
Package pdftex.def Info: Exercise1/Report/train_br_cgp-eps-converted-to.pdf  us
ed on input line 217.
(pdftex.def)             Requested size: 229.98953pt x 169.46587pt.
Package epstopdf Info: Source file: <Exercise1/Report/train_br_lm.eps>
(epstopdf)                    date: 2020-05-26 07:57:53
(epstopdf)                    size: 132181 bytes
(epstopdf)             Output file: <Exercise1/Report/train_br_lm-eps-converted
-to.pdf>
(epstopdf)                    date: 2020-05-26 07:58:05
(epstopdf)                    size: 30567 bytes
(epstopdf)             Command: <repstopdf --outfile=Exercise1/Report/train_br_
lm-eps-converted-to.pdf Exercise1/Report/train_br_lm.eps>
(epstopdf)             \includegraphics on input line 223.
Package epstopdf Info: Output file is already uptodate.
<Exercise1/Report/train_br_lm-eps-converted-to.pdf, id=275, 1445.4pt x 724.7075
pt>
File: Exercise1/Report/train_br_lm-eps-converted-to.pdf Graphic file (type pdf)

<use Exercise1/Report/train_br_lm-eps-converted-to.pdf>
Package pdftex.def Info: Exercise1/Report/train_br_lm-eps-converted-to.pdf  use
d on input line 223.
(pdftex.def)             Requested size: 229.98953pt x 169.46587pt.
 [4 <./Exercise1/Report/test_out-eps-converted-to.pdf>]) [5 <./Exercise1/Report
/train_br_gda-eps-converted-to.pdf> <./Exercise1/Report/train_br_cgf-eps-conver
ted-to.pdf> <./Exercise1/Report/train_br_cgp-eps-converted-to.pdf> <./Exercise1
/Report/train_br_lm-eps-converted-to.pdf>]
\openout2 = `Exercise2/Report/Exercise2.aux'.


(./Exercise2/Report/Exercise2.tex
Chapter 2.
Package epstopdf Info: Source file: <Exercise2/Report/hopfield_1.eps>
(epstopdf)                    date: 2020-05-16 23:24:52
(epstopdf)                    size: 36799 bytes
(epstopdf)             Output file: <Exercise2/Report/hopfield_1-eps-converted-
to.pdf>
(epstopdf)                    date: 2020-05-16 23:25:36
(epstopdf)                    size: 11467 bytes
(epstopdf)             Command: <repstopdf --outfile=Exercise2/Report/hopfield_
1-eps-converted-to.pdf Exercise2/Report/hopfield_1.eps>
(epstopdf)             \includegraphics on input line 12.
Package epstopdf Info: Output file is already uptodate.
<Exercise2/Report/hopfield_1-eps-converted-to.pdf, id=330, 1445.4pt x 724.7075p
t>
File: Exercise2/Report/hopfield_1-eps-converted-to.pdf Graphic file (type pdf)
<use Exercise2/Report/hopfield_1-eps-converted-to.pdf>
Package pdftex.def Info: Exercise2/Report/hopfield_1-eps-converted-to.pdf  used
 on input line 12.
(pdftex.def)             Requested size: 242.09773pt x 145.25961pt.
Package epstopdf Info: Source file: <Exercise2/Report/hopfield_3.eps>
(epstopdf)                    date: 2020-05-16 22:56:22
(epstopdf)                    size: 28899 bytes
(epstopdf)             Output file: <Exercise2/Report/hopfield_3-eps-converted-
to.pdf>
(epstopdf)                    date: 2020-05-16 23:23:51
(epstopdf)                    size: 10482 bytes
(epstopdf)             Command: <repstopdf --outfile=Exercise2/Report/hopfield_
3-eps-converted-to.pdf Exercise2/Report/hopfield_3.eps>
(epstopdf)             \includegraphics on input line 17.
Package epstopdf Info: Output file is already uptodate.
<Exercise2/Report/hopfield_3-eps-converted-to.pdf, id=331, 1445.4pt x 724.7075p
t>
File: Exercise2/Report/hopfield_3-eps-converted-to.pdf Graphic file (type pdf)
<use Exercise2/Report/hopfield_3-eps-converted-to.pdf>
Package pdftex.def Info: Exercise2/Report/hopfield_3-eps-converted-to.pdf  used
 on input line 17.
(pdftex.def)             Requested size: 242.09773pt x 145.25961pt.

Underfull \hbox (badness 10000) in paragraph at lines 6--24

 []

Package epstopdf Info: Source file: <Exercise2/Report/hopfield_2.eps>
(epstopdf)                    date: 2020-05-16 22:25:40
(epstopdf)                    size: 21653 bytes
(epstopdf)             Output file: <Exercise2/Report/hopfield_2-eps-converted-
to.pdf>
(epstopdf)                    date: 2020-05-16 23:23:48
(epstopdf)                    size: 9626 bytes
(epstopdf)             Command: <repstopdf --outfile=Exercise2/Report/hopfield_
2-eps-converted-to.pdf Exercise2/Report/hopfield_2.eps>
(epstopdf)             \includegraphics on input line 27.
Package epstopdf Info: Output file is already uptodate.
<Exercise2/Report/hopfield_2-eps-converted-to.pdf, id=334, 1445.4pt x 724.7075p
t>
File: Exercise2/Report/hopfield_2-eps-converted-to.pdf Graphic file (type pdf)
<use Exercise2/Report/hopfield_2-eps-converted-to.pdf>
Package pdftex.def Info: Exercise2/Report/hopfield_2-eps-converted-to.pdf  used
 on input line 27.
(pdftex.def)             Requested size: 193.66495pt x 96.83606pt.
[6



 <./Exercise2/Report/hopfield_1-eps-converted-to.pdf> <./Exercise2/Report/hopfi
eld_3-eps-converted-to.pdf>]
Package epstopdf Info: Source file: <Exercise2/Report/hop3d_1.eps>
(epstopdf)                    date: 2020-05-17 05:12:15
(epstopdf)                    size: 199760 bytes
(epstopdf)             Output file: <Exercise2/Report/hop3d_1-eps-converted-to.
pdf>
(epstopdf)                    date: 2020-05-17 05:24:15
(epstopdf)                    size: 193724 bytes
(epstopdf)             Command: <repstopdf --outfile=Exercise2/Report/hop3d_1-e
ps-converted-to.pdf Exercise2/Report/hop3d_1.eps>
(epstopdf)             \includegraphics on input line 36.
Package epstopdf Info: Output file is already uptodate.
<Exercise2/Report/hop3d_1-eps-converted-to.pdf, id=363, 1445.4pt x 724.7075pt>
File: Exercise2/Report/hop3d_1-eps-converted-to.pdf Graphic file (type pdf)
<use Exercise2/Report/hop3d_1-eps-converted-to.pdf>
Package pdftex.def Info: Exercise2/Report/hop3d_1-eps-converted-to.pdf  used on
 input line 36.
(pdftex.def)             Requested size: 242.09773pt x 145.25961pt.
Package epstopdf Info: Source file: <Exercise2/Report/hop3d_2.eps>
(epstopdf)                    date: 2020-05-17 05:22:52
(epstopdf)                    size: 169755 bytes
(epstopdf)             Output file: <Exercise2/Report/hop3d_2-eps-converted-to.
pdf>
(epstopdf)                    date: 2020-05-17 05:24:17
(epstopdf)                    size: 162676 bytes
(epstopdf)             Command: <repstopdf --outfile=Exercise2/Report/hop3d_2-e
ps-converted-to.pdf Exercise2/Report/hop3d_2.eps>
(epstopdf)             \includegraphics on input line 41.
Package epstopdf Info: Output file is already uptodate.
<Exercise2/Report/hop3d_2-eps-converted-to.pdf, id=364, 1445.4pt x 724.7075pt>
File: Exercise2/Report/hop3d_2-eps-converted-to.pdf Graphic file (type pdf)
<use Exercise2/Report/hop3d_2-eps-converted-to.pdf>
Package pdftex.def Info: Exercise2/Report/hop3d_2-eps-converted-to.pdf  used on
 input line 41.
(pdftex.def)             Requested size: 242.09773pt x 145.25961pt.
<Exercise2/Report/hdr_n5_itr10.jpg, id=367, 319.1925pt x 660.96938pt>
File: Exercise2/Report/hdr_n5_itr10.jpg Graphic file (type jpg)
<use Exercise2/Report/hdr_n5_itr10.jpg>
Package pdftex.def Info: Exercise2/Report/hdr_n5_itr10.jpg  used on input line 
53.
(pdftex.def)             Requested size: 100.71176pt x 151.07172pt.
<Exercise2/Report/hdr_n5_itr80.jpg, id=368, 311.66437pt x 645.91313pt>
File: Exercise2/Report/hdr_n5_itr80.jpg Graphic file (type jpg)
<use Exercise2/Report/hdr_n5_itr80.jpg>
Package pdftex.def Info: Exercise2/Report/hdr_n5_itr80.jpg  used on input line 
59.
(pdftex.def)             Requested size: 100.71428pt x 151.07013pt.
<Exercise2/Report/hdr_n10_itr50.jpg, id=369, 314.67563pt x 635.37375pt>
File: Exercise2/Report/hdr_n10_itr50.jpg Graphic file (type jpg)
<use Exercise2/Report/hdr_n10_itr50.jpg>
Package pdftex.def Info: Exercise2/Report/hdr_n10_itr50.jpg  used on input line
 65.
(pdftex.def)             Requested size: 100.71265pt x 151.06764pt.
<Exercise2/Report/hdr_n10_itr100.jpg, id=370, 274.02374pt x 626.34pt>
File: Exercise2/Report/hdr_n10_itr100.jpg Graphic file (type jpg)
<use Exercise2/Report/hdr_n10_itr100.jpg>
Package pdftex.def Info: Exercise2/Report/hdr_n10_itr100.jpg  used on input lin
e 71.
(pdftex.def)             Requested size: 100.714pt x 151.07011pt.

Overfull \hbox (19.35774pt too wide) in paragraph at lines 50--74
 [][][][][] 
 []


Underfull \hbox (badness 10000) in paragraph at lines 48--77

 []


LaTeX Warning: Command \textendash invalid in math mode on input line 78.


LaTeX Warning: Command \textendash invalid in math mode on input line 78.


LaTeX Warning: Command \textendash invalid in math mode on input line 78.

[7 <./Exercise2/Report/hopfield_2-eps-converted-to.pdf> <./Exercise2/Report/hop
3d_1-eps-converted-to.pdf> <./Exercise2/Report/hop3d_2-eps-converted-to.pdf>]
[8 <./Exercise2/Report/hdr_n5_itr10.jpg> <./Exercise2/Report/hdr_n5_itr80.jpg> 
<./Exercise2/Report/hdr_n10_itr50.jpg> <./Exercise2/Report/hdr_n10_itr100.jpg>]
Package epstopdf Info: Source file: <Exercise2/Report/mlp_forecast.eps>
(epstopdf)                    date: 2020-05-18 04:29:58
(epstopdf)                    size: 31450 bytes
(epstopdf)             Output file: <Exercise2/Report/mlp_forecast-eps-converte
d-to.pdf>
(epstopdf)                    date: 2020-05-18 05:05:30
(epstopdf)                    size: 16802 bytes
(epstopdf)             Command: <repstopdf --outfile=Exercise2/Report/mlp_forec
ast-eps-converted-to.pdf Exercise2/Report/mlp_forecast.eps>
(epstopdf)             \includegraphics on input line 87.
Package epstopdf Info: Output file is already uptodate.
<Exercise2/Report/mlp_forecast-eps-converted-to.pdf, id=406, 1445.4pt x 724.707
5pt>
File: Exercise2/Report/mlp_forecast-eps-converted-to.pdf Graphic file (type pdf
)
<use Exercise2/Report/mlp_forecast-eps-converted-to.pdf>
Package pdftex.def Info: Exercise2/Report/mlp_forecast-eps-converted-to.pdf  us
ed on input line 87.
(pdftex.def)             Requested size: 159.78847pt x 127.832pt.
Package epstopdf Info: Source file: <Exercise2/Report/lstm_forecast.eps>
(epstopdf)                    date: 2020-05-18 04:47:39
(epstopdf)                    size: 57358 bytes
(epstopdf)             Output file: <Exercise2/Report/lstm_forecast-eps-convert
ed-to.pdf>
(epstopdf)                    date: 2020-05-18 05:05:33
(epstopdf)                    size: 30808 bytes
(epstopdf)             Command: <repstopdf --outfile=Exercise2/Report/lstm_fore
cast-eps-converted-to.pdf Exercise2/Report/lstm_forecast.eps>
(epstopdf)             \includegraphics on input line 92.
Package epstopdf Info: Output file is already uptodate.
<Exercise2/Report/lstm_forecast-eps-converted-to.pdf, id=407, 1445.4pt x 724.70
75pt>
File: Exercise2/Report/lstm_forecast-eps-converted-to.pdf Graphic file (type pd
f)
<use Exercise2/Report/lstm_forecast-eps-converted-to.pdf>
Package pdftex.def Info: Exercise2/Report/lstm_forecast-eps-converted-to.pdf  u
sed on input line 92.
(pdftex.def)             Requested size: 159.78847pt x 127.832pt.

Underfull \hbox (badness 1584) in paragraph at lines 93--93
[][]|\OT1/cmr/m/n/10.95 LSTM Net-work; Ac-
 []

Package epstopdf Info: Source file: <Exercise2/Report/lstm_forecast_update.eps>

(epstopdf)                    date: 2020-05-18 04:49:00
(epstopdf)                    size: 57186 bytes
(epstopdf)             Output file: <Exercise2/Report/lstm_forecast_update-eps-
converted-to.pdf>
(epstopdf)                    date: 2020-05-18 05:05:35
(epstopdf)                    size: 31026 bytes
(epstopdf)             Command: <repstopdf --outfile=Exercise2/Report/lstm_fore
cast_update-eps-converted-to.pdf Exercise2/Report/lstm_forecast_update.eps>
(epstopdf)             \includegraphics on input line 97.
Package epstopdf Info: Output file is already uptodate.
<Exercise2/Report/lstm_forecast_update-eps-converted-to.pdf, id=408, 1445.4pt x
 724.7075pt>
File: Exercise2/Report/lstm_forecast_update-eps-converted-to.pdf Graphic file (
type pdf)
<use Exercise2/Report/lstm_forecast_update-eps-converted-to.pdf>
Package pdftex.def Info: Exercise2/Report/lstm_forecast_update-eps-converted-to
.pdf  used on input line 97.
(pdftex.def)             Requested size: 159.78847pt x 127.832pt.

Underfull \hbox (badness 2809) in paragraph at lines 98--98
\OT1/cmr/m/n/10.95 Pre-dicted out-put with up-
 []

Package epstopdf Info: Source file: <Exercise2/Report/mlp_lags.eps>
(epstopdf)                    date: 2020-05-18 04:15:59
(epstopdf)                    size: 23034 bytes
(epstopdf)             Output file: <Exercise2/Report/mlp_lags-eps-converted-to
.pdf>
(epstopdf)                    date: 2020-05-18 05:01:32
(epstopdf)                    size: 11331 bytes
(epstopdf)             Command: <repstopdf --outfile=Exercise2/Report/mlp_lags-
eps-converted-to.pdf Exercise2/Report/mlp_lags.eps>
(epstopdf)             \includegraphics on input line 108.
Package epstopdf Info: Output file is already uptodate.
<Exercise2/Report/mlp_lags-eps-converted-to.pdf, id=410, 1445.4pt x 724.7075pt>

File: Exercise2/Report/mlp_lags-eps-converted-to.pdf Graphic file (type pdf)
<use Exercise2/Report/mlp_lags-eps-converted-to.pdf>
Package pdftex.def Info: Exercise2/Report/mlp_lags-eps-converted-to.pdf  used o
n input line 108.
(pdftex.def)             Requested size: 217.88133pt x 113.3016pt.
Package epstopdf Info: Source file: <Exercise2/Report/lstm_lags.eps>
(epstopdf)                    date: 2020-05-18 03:49:11
(epstopdf)                    size: 23432 bytes
(epstopdf)             Output file: <Exercise2/Report/lstm_lags-eps-converted-t
o.pdf>
(epstopdf)                    date: 2020-05-18 05:01:35
(epstopdf)                    size: 11343 bytes
(epstopdf)             Command: <repstopdf --outfile=Exercise2/Report/lstm_lags
-eps-converted-to.pdf Exercise2/Report/lstm_lags.eps>
(epstopdf)             \includegraphics on input line 113.
Package epstopdf Info: Output file is already uptodate.
<Exercise2/Report/lstm_lags-eps-converted-to.pdf, id=411, 1445.4pt x 724.7075pt
>
File: Exercise2/Report/lstm_lags-eps-converted-to.pdf Graphic file (type pdf)
<use Exercise2/Report/lstm_lags-eps-converted-to.pdf>
Package pdftex.def Info: Exercise2/Report/lstm_lags-eps-converted-to.pdf  used 
on input line 113.
(pdftex.def)             Requested size: 217.88133pt x 113.3016pt.
) [9 <./Exercise2/Report/mlp_forecast-eps-converted-to.pdf> <./Exercise2/Report
/lstm_forecast-eps-converted-to.pdf> <./Exercise2/Report/lstm_forecast_update-e
ps-converted-to.pdf> <./Exercise2/Report/mlp_lags-eps-converted-to.pdf> <./Exer
cise2/Report/lstm_lags-eps-converted-to.pdf>]
\openout2 = `Exercise3/Report/Exercise3.aux'.

 (./Exercise3/Report/Exercise3.tex
Chapter 3.

Underfull \hbox (badness 10000) in paragraph at lines 3--4

 []

Package epstopdf Info: Source file: <Exercise3/Report/Ex_3_1.eps>
(epstopdf)                    date: 2020-05-23 16:24:03
(epstopdf)                    size: 33129 bytes
(epstopdf)             Output file: <Exercise3/Report/Ex_3_1-eps-converted-to.p
df>
(epstopdf)                    date: 2020-05-24 02:45:55
(epstopdf)                    size: 14628 bytes
(epstopdf)             Command: <repstopdf --outfile=Exercise3/Report/Ex_3_1-ep
s-converted-to.pdf Exercise3/Report/Ex_3_1.eps>
(epstopdf)             \includegraphics on input line 7.
Package epstopdf Info: Output file is already uptodate.
<Exercise3/Report/Ex_3_1-eps-converted-to.pdf, id=459, 1445.4pt x 724.7075pt>
File: Exercise3/Report/Ex_3_1-eps-converted-to.pdf Graphic file (type pdf)
<use Exercise3/Report/Ex_3_1-eps-converted-to.pdf>
Package pdftex.def Info: Exercise3/Report/Ex_3_1-eps-converted-to.pdf  used on 
input line 7.
(pdftex.def)             Requested size: 242.09773pt x 121.0423pt.

Underfull \hbox (badness 2717) in paragraph at lines 8--8
[][]|\OT1/cmr/m/n/12 PCA on ran-dom Gaus-sian and
 []

<Exercise3/Report/pca_dig_1.jpg, id=462, 1927.2pt x 966.61125pt>
File: Exercise3/Report/pca_dig_1.jpg Graphic file (type jpg)
<use Exercise3/Report/pca_dig_1.jpg>
Package pdftex.def Info: Exercise3/Report/pca_dig_1.jpg  used on input line 15.

(pdftex.def)             Requested size: 266.30676pt x 72.62546pt.

Overfull \hbox (24.20183pt too wide) in paragraph at lines 15--16
[][] 
 []

<Exercise3/Report/pca_dig_2.jpg, id=463, 1927.2pt x 966.61125pt>
File: Exercise3/Report/pca_dig_2.jpg Graphic file (type jpg)
<use Exercise3/Report/pca_dig_2.jpg>
Package pdftex.def Info: Exercise3/Report/pca_dig_2.jpg  used on input line 20.

(pdftex.def)             Requested size: 266.30676pt x 72.62546pt.

Overfull \hbox (24.20183pt too wide) in paragraph at lines 20--21
[][] 
 []

<Exercise3/Report/pca_eigen.jpg, id=464, 1927.2pt x 966.61125pt>
File: Exercise3/Report/pca_eigen.jpg Graphic file (type jpg)
<use Exercise3/Report/pca_eigen.jpg>
Package pdftex.def Info: Exercise3/Report/pca_eigen.jpg  used on input line 31.

(pdftex.def)             Requested size: 217.874pt x 108.93819pt.

Underfull \hbox (badness 4832) in paragraph at lines 32--32
[][]|\OT1/cmr/m/n/12 PCA: Re-con-struc-tion er-rors
 []

[10



 <./Exercise3/Report/Ex_3_1-eps-converted-to.pdf> <./Exercise3/Report/pca_dig_1
.jpg> <./Exercise3/Report/pca_dig_2.jpg>]
Underfull \hbox (badness 1596) in paragraph at lines 34--36
[][]\OT1/cmr/m/n/12 We then try to an-a-lyze the re-la-tion-ship
 []


Underfull \hbox (badness 1721) in paragraph at lines 34--36
\OT1/cmr/m/n/12 be-tween the re-con-struc-tion er-rors and eigen
 []


Underfull \hbox (badness 3838) in paragraph at lines 34--36
\OT1/cmr/m/n/12 value in-for-ma-tion. The plot shown here
 []


Underfull \hbox (badness 2529) in paragraph at lines 34--36
\OT1/cmr/m/n/12 is for nor-mal-ized val-ues of er-rors and cu-
 []


Underfull \hbox (badness 2753) in paragraph at lines 34--36
\OT1/cmr/m/n/12 mu-la-tive sum of eigen val-ues. From fig-
 []


Underfull \hbox (badness 2460) in paragraph at lines 34--36
\OT1/cmr/m/n/12 ure [][]3.3[][] it can be no-ticed that the er-rors
 []


Underfull \hbox (badness 3128) in paragraph at lines 34--36
\OT1/cmr/m/n/12 and eigen val-ues have an in-verse re-la-tion-
 []


Underfull \hbox (badness 10000) in paragraph at lines 34--36

 []


Underfull \hbox (badness 10000) in paragraph at lines 34--36

 []


Underfull \hbox (badness 10000) in paragraph at lines 34--36

 []


Overfull \hbox (2.73418pt too wide) in paragraph at lines 45--45
[]|\OT1/cmr/m/n/12 Hidden
 []


Underfull \hbox (badness 10000) in paragraph at lines 45--45
\OT1/cmr/m/n/12 Layer
 []


Overfull \hbox (2.73418pt too wide) in paragraph at lines 45--45
[]|\OT1/cmr/m/n/12 Hidden
 []


Underfull \hbox (badness 10000) in paragraph at lines 45--45
\OT1/cmr/m/n/12 Layer
 []


Underfull \hbox (badness 10000) in paragraph at lines 45--45
[]|\OT1/cmr/m/n/12 Epoch
 []


Overfull \hbox (2.8953pt too wide) in paragraph at lines 45--45
\OT1/cmr/m/n/12 1(HL1)| 
 []


Underfull \hbox (badness 10000) in paragraph at lines 45--45
[]|\OT1/cmr/m/n/12 Epoch
 []


Overfull \hbox (2.8953pt too wide) in paragraph at lines 45--45
\OT1/cmr/m/n/12 2(HL2)| 
 []


Overfull \hbox (2.12354pt too wide) in paragraph at lines 45--45
[]|\OT1/cmr/m/n/12 Accuracy
 []


Overfull \hbox (24.21196pt too wide) in paragraph at lines 40--69
 []$[]$$[]$ 
 []


Underfull \hbox (badness 10000) in paragraph at lines 37--70

 []

[11 <./Exercise3/Report/pca_eigen.jpg>]
<Exercise3/Report/conv1.jpg, id=488, 668.4975pt x 679.03688pt>
File: Exercise3/Report/conv1.jpg Graphic file (type jpg)
<use Exercise3/Report/conv1.jpg>
Package pdftex.def Info: Exercise3/Report/conv1.jpg  used on input line 81.
(pdftex.def)             Requested size: 193.6859pt x 145.26479pt.
<Exercise3/Report/conv2.jpg, id=489, 1065.9825pt x 350.81062pt>
File: Exercise3/Report/conv2.jpg Graphic file (type jpg)
<use Exercise3/Report/conv2.jpg>
Package pdftex.def Info: Exercise3/Report/conv2.jpg  used on input line 87.
(pdftex.def)             Requested size: 193.67404pt x 121.0512pt.
 [12 <./Exercise3/Report/conv1.jpg> <./Exercise3/Report/conv2.jpg>]
<Exercise3/Report/accuracy_1_82.jpg, id=498, 1927.2pt x 966.61125pt>
File: Exercise3/Report/accuracy_1_82.jpg Graphic file (type jpg)
<use Exercise3/Report/accuracy_1_82.jpg>
Package pdftex.def Info: Exercise3/Report/accuracy_1_82.jpg  used on input line
 113.
(pdftex.def)             Requested size: 125.18417pt x 85.35408pt.
<Exercise3/Report/accuracy_5_97_60.jpg, id=499, 1927.2pt x 966.61125pt>
File: Exercise3/Report/accuracy_5_97_60.jpg Graphic file (type jpg)
<use Exercise3/Report/accuracy_5_97_60.jpg>
Package pdftex.def Info: Exercise3/Report/accuracy_5_97_60.jpg  used on input l
ine 118.
(pdftex.def)             Requested size: 125.18417pt x 85.35408pt.
<Exercise3/Report/accuracy_3_97_68.jpg, id=500, 1927.2pt x 966.61125pt>
File: Exercise3/Report/accuracy_3_97_68.jpg Graphic file (type jpg)
<use Exercise3/Report/accuracy_3_97_68.jpg>
Package pdftex.def Info: Exercise3/Report/accuracy_3_97_68.jpg  used on input l
ine 128.
(pdftex.def)             Requested size: 125.18417pt x 85.35408pt.
File: Exercise3/Report/accuracy_3_97_68.jpg Graphic file (type jpg)
<use Exercise3/Report/accuracy_3_97_68.jpg>
Package pdftex.def Info: Exercise3/Report/accuracy_3_97_68.jpg  used on input l
ine 132.
(pdftex.def)             Requested size: 125.18417pt x 85.35408pt.

Overfull \hbox (5.78914pt too wide) in paragraph at lines 101--136
 [][] 
 []

) [13] [14 <./Exercise3/Report/accuracy_1_82.jpg> <./Exercise3/Report/accuracy_
5_97_60.jpg> <./Exercise3/Report/accuracy_3_97_68.jpg>]
\openout2 = `Exercise4/Report/Exercise4.aux'.


(./Exercise4/Report/Exercise4.tex
Chapter 4.
<Exercise4/Report/test_image.png, id=510, 600.2425pt x 174.6525pt>
File: Exercise4/Report/test_image.png Graphic file (type png)
<use Exercise4/Report/test_image.png>
Package pdftex.def Info: Exercise4/Report/test_image.png  used on input line 8.

(pdftex.def)             Requested size: 159.78705pt x 79.89607pt.
<Exercise4/Report/rbm_ncomp_20_itr_20.png, id=511, 600.2425pt x 174.6525pt>
File: Exercise4/Report/rbm_ncomp_20_itr_20.png Graphic file (type png)
<use Exercise4/Report/rbm_ncomp_20_itr_20.png>
Package pdftex.def Info: Exercise4/Report/rbm_ncomp_20_itr_20.png  used on inpu
t line 14.
(pdftex.def)             Requested size: 159.78705pt x 79.89607pt.

Underfull \hbox (badness 4634) in paragraph at lines 15--15
[][]|\OT1/cmr/m/n/10.95 n[]components = 20,
 []

<Exercise4/Report/rbm_ncomp_30_itr_30.png, id=512, 600.2425pt x 174.6525pt>
File: Exercise4/Report/rbm_ncomp_30_itr_30.png Graphic file (type png)
<use Exercise4/Report/rbm_ncomp_30_itr_30.png>
Package pdftex.def Info: Exercise4/Report/rbm_ncomp_30_itr_30.png  used on inpu
t line 20.
(pdftex.def)             Requested size: 159.78705pt x 79.89607pt.

Underfull \hbox (badness 6047) in paragraph at lines 21--21
[][]|\OT1/cmr/m/n/10.95 n[]components = 30,
 []

<Exercise4/Report/rbm_ncomp_40_itr_40.png, id=513, 600.2425pt x 174.6525pt>
File: Exercise4/Report/rbm_ncomp_40_itr_40.png Graphic file (type png)
<use Exercise4/Report/rbm_ncomp_40_itr_40.png>
Package pdftex.def Info: Exercise4/Report/rbm_ncomp_40_itr_40.png  used on inpu
t line 26.
(pdftex.def)             Requested size: 159.78705pt x 79.89607pt.

Underfull \hbox (badness 4634) in paragraph at lines 27--27
[][]|\OT1/cmr/m/n/10.95 n[]components = 40,
 []

<Exercise4/Report/rbm_ncomp_50_itr_50.png, id=514, 600.2425pt x 174.6525pt>
File: Exercise4/Report/rbm_ncomp_50_itr_50.png Graphic file (type png)
<use Exercise4/Report/rbm_ncomp_50_itr_50.png>
Package pdftex.def Info: Exercise4/Report/rbm_ncomp_50_itr_50.png  used on inpu
t line 32.
(pdftex.def)             Requested size: 159.78705pt x 79.89607pt.

Underfull \hbox (badness 6047) in paragraph at lines 33--33
[][]|\OT1/cmr/m/n/10.95 n[]components = 50,
 []

<Exercise4/Report/rbm_ncomp_60_itr_60.png, id=515, 600.2425pt x 174.6525pt>
File: Exercise4/Report/rbm_ncomp_60_itr_60.png Graphic file (type png)
<use Exercise4/Report/rbm_ncomp_60_itr_60.png>
Package pdftex.def Info: Exercise4/Report/rbm_ncomp_60_itr_60.png  used on inpu
t line 38.
(pdftex.def)             Requested size: 159.78705pt x 79.89607pt.

Underfull \hbox (badness 6927) in paragraph at lines 39--39
[][]|\OT1/cmr/m/n/10.95 n[]components = 60,
 []

<Exercise4/Report/rbm_gibbs_30.png, id=518, 600.2425pt x 174.6525pt>
File: Exercise4/Report/rbm_gibbs_30.png Graphic file (type png)
<use Exercise4/Report/rbm_gibbs_30.png>
Package pdftex.def Info: Exercise4/Report/rbm_gibbs_30.png  used on input line 
49.
(pdftex.def)             Requested size: 159.78705pt x 79.89607pt.
<Exercise4/Report/rbm_gibbs_40.png, id=519, 600.2425pt x 174.6525pt>
File: Exercise4/Report/rbm_gibbs_40.png Graphic file (type png)
<use Exercise4/Report/rbm_gibbs_40.png>
Package pdftex.def Info: Exercise4/Report/rbm_gibbs_40.png  used on input line 
55.
(pdftex.def)             Requested size: 159.78705pt x 79.89607pt.
<Exercise4/Report/rbm_gibbs_50.png, id=520, 600.2425pt x 174.6525pt>
File: Exercise4/Report/rbm_gibbs_50.png Graphic file (type png)
<use Exercise4/Report/rbm_gibbs_50.png>
Package pdftex.def Info: Exercise4/Report/rbm_gibbs_50.png  used on input line 
61.
(pdftex.def)             Requested size: 159.78705pt x 79.89607pt.

Underfull \hbox (badness 10000) in paragraph at lines 73--73
[]|\OT1/cmr/m/n/12 Gibbs
 []


Underfull \hbox (badness 10000) in paragraph at lines 73--73
\OT1/cmr/m/n/12 Sam-pling
 []

<Exercise4/Report/reconst_gibs_30_row_1-10.png, id=522, 371.3875pt x 130.4875pt
>
File: Exercise4/Report/reconst_gibs_30_row_1-10.png Graphic file (type png)
<use Exercise4/Report/reconst_gibs_30_row_1-10.png>
Package pdftex.def Info: Exercise4/Report/reconst_gibs_30_row_1-10.png  used on
 input line 74.
(pdftex.def)             Requested size: 99.5846pt x 28.45247pt.
<Exercise4/Report/reconst_gibs_30_row_1-10_1.png, id=523, 371.3875pt x 82.3075p
t>
File: Exercise4/Report/reconst_gibs_30_row_1-10_1.png Graphic file (type png)
<use Exercise4/Report/reconst_gibs_30_row_1-10_1.png>
Package pdftex.def Info: Exercise4/Report/reconst_gibs_30_row_1-10_1.png  used 
on input line 74.
(pdftex.def)             Requested size: 128.38383pt x 28.45274pt.
<Exercise4/Report/reconst_gibs_50_row_1-10.png, id=524, 371.3875pt x 130.4875pt
>
File: Exercise4/Report/reconst_gibs_50_row_1-10.png Graphic file (type png)
<use Exercise4/Report/reconst_gibs_50_row_1-10.png>
Package pdftex.def Info: Exercise4/Report/reconst_gibs_50_row_1-10.png  used on
 input line 75.
(pdftex.def)             Requested size: 99.5846pt x 28.45247pt.
<Exercise4/Report/reconst_gibs_50_row_1-10_1.png, id=525, 371.3875pt x 82.3075p
t>
File: Exercise4/Report/reconst_gibs_50_row_1-10_1.png Graphic file (type png)
<use Exercise4/Report/reconst_gibs_50_row_1-10_1.png>
Package pdftex.def Info: Exercise4/Report/reconst_gibs_50_row_1-10_1.png  used 
on input line 75.
(pdftex.def)             Requested size: 128.38383pt x 28.45274pt.
<Exercise4/Report/reconst_gibs_30_row_10-20.png, id=526, 371.3875pt x 130.4875p
t>
File: Exercise4/Report/reconst_gibs_30_row_10-20.png Graphic file (type png)
<use Exercise4/Report/reconst_gibs_30_row_10-20.png>
Package pdftex.def Info: Exercise4/Report/reconst_gibs_30_row_10-20.png  used o
n input line 76.
(pdftex.def)             Requested size: 99.5846pt x 28.45247pt.
<Exercise4/Report/reconst_gibs_30_row_10-20_1.png, id=527, 371.3875pt x 82.3075
pt>
File: Exercise4/Report/reconst_gibs_30_row_10-20_1.png Graphic file (type png)
<use Exercise4/Report/reconst_gibs_30_row_10-20_1.png>
Package pdftex.def Info: Exercise4/Report/reconst_gibs_30_row_10-20_1.png  used
 on input line 76.
(pdftex.def)             Requested size: 128.38383pt x 28.45274pt.
<Exercise4/Report/reconst_gibs_50_row_10-20.png, id=528, 371.3875pt x 130.4875p
t>
File: Exercise4/Report/reconst_gibs_50_row_10-20.png Graphic file (type png)
<use Exercise4/Report/reconst_gibs_50_row_10-20.png>
Package pdftex.def Info: Exercise4/Report/reconst_gibs_50_row_10-20.png  used o
n input line 77.
(pdftex.def)             Requested size: 99.5846pt x 28.45247pt.
<Exercise4/Report/reconst_gibs_50_row_10-20_1.png, id=529, 371.3875pt x 82.3075
pt>
File: Exercise4/Report/reconst_gibs_50_row_10-20_1.png Graphic file (type png)
<use Exercise4/Report/reconst_gibs_50_row_10-20_1.png>
Package pdftex.def Info: Exercise4/Report/reconst_gibs_50_row_10-20_1.png  used
 on input line 77.
(pdftex.def)             Requested size: 128.38383pt x 28.45274pt.
<Exercise4/Report/reconst_gibs_30_row_17-27.png, id=530, 371.3875pt x 130.4875p
t>
File: Exercise4/Report/reconst_gibs_30_row_17-27.png Graphic file (type png)
<use Exercise4/Report/reconst_gibs_30_row_17-27.png>
Package pdftex.def Info: Exercise4/Report/reconst_gibs_30_row_17-27.png  used o
n input line 78.
(pdftex.def)             Requested size: 99.5846pt x 28.45247pt.
<Exercise4/Report/reconst_gibs_30_row_17-27_1.png, id=531, 371.3875pt x 82.3075
pt>
File: Exercise4/Report/reconst_gibs_30_row_17-27_1.png Graphic file (type png)
<use Exercise4/Report/reconst_gibs_30_row_17-27_1.png>
Package pdftex.def Info: Exercise4/Report/reconst_gibs_30_row_17-27_1.png  used
 on input line 78.
(pdftex.def)             Requested size: 128.38383pt x 28.45274pt.
<Exercise4/Report/reconst_gibs_50_row_17-27_1.png, id=532, 371.3875pt x 130.487
5pt>
File: Exercise4/Report/reconst_gibs_50_row_17-27_1.png Graphic file (type png)
<use Exercise4/Report/reconst_gibs_50_row_17-27_1.png>
Package pdftex.def Info: Exercise4/Report/reconst_gibs_50_row_17-27_1.png  used
 on input line 79.
(pdftex.def)             Requested size: 99.5846pt x 28.45247pt.
<Exercise4/Report/reconst_gibs_50_row_17-27.png, id=533, 371.3875pt x 82.3075pt
>
File: Exercise4/Report/reconst_gibs_50_row_17-27.png Graphic file (type png)
<use Exercise4/Report/reconst_gibs_50_row_17-27.png>
Package pdftex.def Info: Exercise4/Report/reconst_gibs_50_row_17-27.png  used o
n input line 79.
(pdftex.def)             Requested size: 128.38383pt x 28.45274pt.
[15



 <./Exercise4/Report/test_image.png> <./Exercise4/Report/rbm_ncomp_20_itr_20.pn
g> <./Exercise4/Report/rbm_ncomp_30_itr_30.png> <./Exercise4/Report/rbm_ncomp_4
0_itr_40.png> <./Exercise4/Report/rbm_ncomp_50_itr_50.png> <./Exercise4/Report/
rbm_ncomp_60_itr_60.png>] [16 <./Exercise4/Report/rbm_gibbs_30.png> <./Exercise
4/Report/rbm_gibbs_40.png> <./Exercise4/Report/rbm_gibbs_50.png> <./Exercise4/R
eport/reconst_gibs_30_row_1-10.png> <./Exercise4/Report/reconst_gibs_30_row_1-1
0_1.png> <./Exercise4/Report/reconst_gibs_50_row_1-10.png> <./Exercise4/Report/
reconst_gibs_50_row_1-10_1.png> <./Exercise4/Report/reconst_gibs_30_row_10-20.p
ng> <./Exercise4/Report/reconst_gibs_30_row_10-20_1.png> <./Exercise4/Report/re
const_gibs_50_row_10-20.png> <./Exercise4/Report/reconst_gibs_50_row_10-20_1.pn
g> <./Exercise4/Report/reconst_gibs_30_row_17-27.png> <./Exercise4/Report/recon
st_gibs_30_row_17-27_1.png> <./Exercise4/Report/reconst_gibs_50_row_17-27_1.png
> <./Exercise4/Report/reconst_gibs_50_row_17-27.png>]
<Exercise4/Report/rbm_features.png, id=567, 931.48pt x 1126.2075pt>
File: Exercise4/Report/rbm_features.png Graphic file (type png)
<use Exercise4/Report/rbm_features.png>
Package pdftex.def Info: Exercise4/Report/rbm_features.png  used on input line 
92.
(pdftex.def)             Requested size: 151.79721pt x 127.81847pt.
<Exercise4/Report/dbm_feature_1.png, id=568, 579.16376pt x 613.29124pt>
File: Exercise4/Report/dbm_feature_1.png Graphic file (type png)
<use Exercise4/Report/dbm_feature_1.png>
Package pdftex.def Info: Exercise4/Report/dbm_feature_1.png  used on input line
 98.
(pdftex.def)             Requested size: 151.79857pt x 127.83107pt.
<Exercise4/Report/dbm_feature_2.png, id=569, 579.16376pt x 613.29124pt>
File: Exercise4/Report/dbm_feature_2.png Graphic file (type png)
<use Exercise4/Report/dbm_feature_2.png>
Package pdftex.def Info: Exercise4/Report/dbm_feature_2.png  used on input line
 102.
(pdftex.def)             Requested size: 151.79857pt x 127.83107pt.
<Exercise4/Report/dbm_output.png, id=570, 582.175pt x 613.29124pt>
File: Exercise4/Report/dbm_output.png Graphic file (type png)
<use Exercise4/Report/dbm_output.png>
Package pdftex.def Info: Exercise4/Report/dbm_output.png  used on input line 11
4.
(pdftex.def)             Requested size: 183.99904pt x 147.20226pt.

Underfull \hbox (badness 10000) in paragraph at lines 118--119

 []

<Exercise4/Report/gans_1.png, id=574, 378.41376pt x 202.7575pt>
File: Exercise4/Report/gans_1.png Graphic file (type png)
<use Exercise4/Report/gans_1.png>
Package pdftex.def Info: Exercise4/Report/gans_1.png  used on input line 125.
(pdftex.def)             Requested size: 183.99815pt x 154.9481pt.
<Exercise4/Report/gans_2.png, id=575, 378.41376pt x 202.7575pt>
File: Exercise4/Report/gans_2.png Graphic file (type png)
<use Exercise4/Report/gans_2.png>
Package pdftex.def Info: Exercise4/Report/gans_2.png  used on input line 131.
(pdftex.def)             Requested size: 183.99815pt x 154.9481pt.
[17 <./Exercise4/Report/rbm_features.png> <./Exercise4/Report/dbm_feature_1.png
> <./Exercise4/Report/dbm_feature_2.png> <./Exercise4/Report/dbm_output.png>]
[18 <./Exercise4/Report/gans_1.png> <./Exercise4/Report/gans_2.png>]
<Exercise4/Report/ot_scatterplot.png, id=598, 1076.02pt x 497.86pt>
File: Exercise4/Report/ot_scatterplot.png Graphic file (type png)
<use Exercise4/Report/ot_scatterplot.png>
Package pdftex.def Info: Exercise4/Report/ot_scatterplot.png  used on input lin
e 145.
(pdftex.def)             Requested size: 217.89285pt x 108.94458pt.
<Exercise4/Report/ot_output.png, id=599, 1437.37pt x 984.67876pt>
File: Exercise4/Report/ot_output.png Graphic file (type png)
<use Exercise4/Report/ot_output.png>
Package pdftex.def Info: Exercise4/Report/ot_output.png  used on input line 151
.
(pdftex.def)             Requested size: 217.87717pt x 174.30466pt.

Underfull \hbox (badness 3302) in paragraph at lines 169--169
[]|\OT1/cmr/m/n/12 GAN out-put at batch
 []


Underfull \hbox (badness 3302) in paragraph at lines 169--169
[]|\OT1/cmr/m/n/12 GAN out-put at batch
 []


Underfull \hbox (badness 3302) in paragraph at lines 169--169
[]|\OT1/cmr/m/n/12 GAN out-put at batch
 []

<Exercise4/Report/GAN_999.png, id=604, 376.40625pt x 202.7575pt>
File: Exercise4/Report/GAN_999.png Graphic file (type png)
<use Exercise4/Report/GAN_999.png>
Package pdftex.def Info: Exercise4/Report/GAN_999.png  used on input line 170.
(pdftex.def)             Requested size: 125.19083pt x 85.35866pt.
<Exercise4/Report/GAN_9999.png, id=605, 376.40625pt x 202.7575pt>
File: Exercise4/Report/GAN_9999.png Graphic file (type png)
<use Exercise4/Report/GAN_9999.png>
Package pdftex.def Info: Exercise4/Report/GAN_9999.png  used on input line 170.

(pdftex.def)             Requested size: 125.19083pt x 85.35866pt.
<Exercise4/Report/GAN_20000.png, id=606, 376.40625pt x 202.7575pt>
File: Exercise4/Report/GAN_20000.png Graphic file (type png)
<use Exercise4/Report/GAN_20000.png>
Package pdftex.def Info: Exercise4/Report/GAN_20000.png  used on input line 170
.
(pdftex.def)             Requested size: 125.19083pt x 85.35866pt.

Overfull \hbox (3.3411pt too wide) in paragraph at lines 172--172
 []|\OT1/cmr/m/n/12 Wasserstein 
 []

<Exercise4/Report/WGAN_WC_999.png, id=607, 376.40625pt x 202.7575pt>
File: Exercise4/Report/WGAN_WC_999.png Graphic file (type png)
<use Exercise4/Report/WGAN_WC_999.png>
Package pdftex.def Info: Exercise4/Report/WGAN_WC_999.png  used on input line 1
72.
(pdftex.def)             Requested size: 125.19083pt x 85.35866pt.
<Exercise4/Report/WGAN_WC_9999.png, id=608, 376.40625pt x 202.7575pt>
File: Exercise4/Report/WGAN_WC_9999.png Graphic file (type png)
<use Exercise4/Report/WGAN_WC_9999.png>
Package pdftex.def Info: Exercise4/Report/WGAN_WC_9999.png  used on input line 
172.
(pdftex.def)             Requested size: 125.19083pt x 85.35866pt.
<Exercise4/Report/WGAN_WC_20000.png, id=609, 376.40625pt x 202.7575pt>
File: Exercise4/Report/WGAN_WC_20000.png Graphic file (type png)
<use Exercise4/Report/WGAN_WC_20000.png>
Package pdftex.def Info: Exercise4/Report/WGAN_WC_20000.png  used on input line
 172.
(pdftex.def)             Requested size: 125.19083pt x 85.35866pt.

Overfull \hbox (3.3411pt too wide) in paragraph at lines 175--175
 []|\OT1/cmr/m/n/12 Wasserstein 
 []

<Exercise4/Report/WGAN_GP_499.png, id=610, 376.40625pt x 202.7575pt>
File: Exercise4/Report/WGAN_GP_499.png Graphic file (type png)
<use Exercise4/Report/WGAN_GP_499.png>
Package pdftex.def Info: Exercise4/Report/WGAN_GP_499.png  used on input line 1
75.
(pdftex.def)             Requested size: 125.19083pt x 85.35866pt.
<Exercise4/Report/WGAN_GP_9999.png, id=611, 376.40625pt x 202.7575pt>
File: Exercise4/Report/WGAN_GP_9999.png Graphic file (type png)
<use Exercise4/Report/WGAN_GP_9999.png>
Package pdftex.def Info: Exercise4/Report/WGAN_GP_9999.png  used on input line 
175.
(pdftex.def)             Requested size: 125.19083pt x 85.35866pt.
<Exercise4/Report/WGAN_GP_20000.png, id=612, 376.40625pt x 202.7575pt>
File: Exercise4/Report/WGAN_GP_20000.png Graphic file (type png)
<use Exercise4/Report/WGAN_GP_20000.png>
Package pdftex.def Info: Exercise4/Report/WGAN_GP_20000.png  used on input line
 175.
(pdftex.def)             Requested size: 125.19083pt x 85.35866pt.

Overfull \hbox (15.34412pt too wide) in paragraph at lines 167--178
 [][] 
 []

) [19 <./Exercise4/Report/ot_scatterplot.png> <./Exercise4/Report/ot_output.png
>] [20 <./Exercise4/Report/GAN_999.png> <./Exercise4/Report/GAN_9999.png> <./Ex
ercise4/Report/GAN_20000.png> <./Exercise4/Report/WGAN_WC_999.png> <./Exercise4
/Report/WGAN_WC_9999.png> <./Exercise4/Report/WGAN_WC_20000.png> <./Exercise4/R
eport/WGAN_GP_499.png> <./Exercise4/Report/WGAN_GP_9999.png> <./Exercise4/Repor
t/WGAN_GP_20000.png>]
Package atveryend Info: Empty hook `BeforeClearDocument' on input line 119.
Package atveryend Info: Empty hook `AfterLastShipout' on input line 119.
 (./ANN_FinalReport.aux (./Exercise1/Report/Exercise1.aux) (./Exercise2/Report/
Exercise2.aux) (./Exercise3/Report/Exercise3.aux)
(./Exercise4/Report/Exercise4.aux))
Package atveryend Info: Executing hook `AtVeryEndDocument' on input line 119.
Package atveryend Info: Executing hook `AtEndAfterFileList' on input line 119.
Package rerunfilecheck Info: File `ANN_FinalReport.out' has not changed.
(rerunfilecheck)             Checksum: EA568B6F9D21A0A4A63152D1965E67DB;1224.


LaTeX Font Warning: Size substitutions with differences
(Font)              up to 1.28pt have occurred.

Package atveryend Info: Empty hook `AtVeryVeryEnd' on input line 119.
 ) 
Here is how much of TeX's memory you used:
 15460 strings out of 480607
 296418 string characters out of 5899646
 653496 words of memory out of 5000000
 30910 multiletter control sequences out of 15000+600000
 541653 words of font info for 58 fonts, out of 8000000 for 9000
 1141 hyphenation exceptions out of 8191
 42i,16n,46p,1715b,769s stack positions out of 5000i,500n,10000p,200000b,80000s
<d:/Latex_TexStudio/texlive/2020/texmf-dist/fonts/type1/public/amsfonts/cm/cm
bx12.pfb><d:/Latex_TexStudio/texlive/2020/texmf-dist/fonts/type1/public/amsfont
s/cm/cmcsc10.pfb><d:/Latex_TexStudio/texlive/2020/texmf-dist/fonts/type1/public
/amsfonts/cm/cmex10.pfb><d:/Latex_TexStudio/texlive/2020/texmf-dist/fonts/type1
/public/amsfonts/cm/cmmi10.pfb><d:/Latex_TexStudio/texlive/2020/texmf-dist/font
s/type1/public/amsfonts/cm/cmmi12.pfb><d:/Latex_TexStudio/texlive/2020/texmf-di
st/fonts/type1/public/amsfonts/cm/cmmi6.pfb><d:/Latex_TexStudio/texlive/2020/te
xmf-dist/fonts/type1/public/amsfonts/cm/cmmi8.pfb><d:/Latex_TexStudio/texlive/2
020/texmf-dist/fonts/type1/public/amsfonts/cm/cmr10.pfb><d:/Latex_TexStudio/tex
live/2020/texmf-dist/fonts/type1/public/amsfonts/cm/cmr12.pfb><d:/Latex_TexStud
io/texlive/2020/texmf-dist/fonts/type1/public/amsfonts/cm/cmr8.pfb><d:/Latex_Te
xStudio/texlive/2020/texmf-dist/fonts/type1/public/amsfonts/cm/cmsy10.pfb><d:/L
atex_TexStudio/texlive/2020/texmf-dist/fonts/type1/public/amsfonts/cm/cmsy8.pfb
><d:/Latex_TexStudio/texlive/2020/texmf-dist/fonts/type1/public/amsfonts/cm/cmt
i12.pfb>
Output written on ANN_FinalReport.pdf (22 pages, 10199786 bytes).
PDF statistics:
 693 PDF objects out of 1000 (max. 8388607)
 465 compressed objects within 5 object streams
 71 named destinations out of 1000 (max. 500000)
 542 words of extra memory for PDF output out of 10000 (max. 10000000)

